{"/mnt/d/nerdery/rest/microblog/dist/prisma.js": {"path":"/mnt/d/nerdery/rest/microblog/dist/prisma.js","statementMap":{"0":{"start":{"line":2,"column":16},"end":{"line":10,"column":1}},"1":{"start":{"line":3,"column":28},"end":{"line":3,"column":110}},"2":{"start":{"line":3,"column":91},"end":{"line":3,"column":106}},"3":{"start":{"line":4,"column":4},"end":{"line":9,"column":7}},"4":{"start":{"line":5,"column":36},"end":{"line":5,"column":97}},"5":{"start":{"line":5,"column":42},"end":{"line":5,"column":70}},"6":{"start":{"line":5,"column":85},"end":{"line":5,"column":95}},"7":{"start":{"line":6,"column":35},"end":{"line":6,"column":100}},"8":{"start":{"line":6,"column":41},"end":{"line":6,"column":73}},"9":{"start":{"line":6,"column":88},"end":{"line":6,"column":98}},"10":{"start":{"line":7,"column":32},"end":{"line":7,"column":116}},"11":{"start":{"line":8,"column":8},"end":{"line":8,"column":78}},"12":{"start":{"line":11,"column":0},"end":{"line":11,"column":62}},"13":{"start":{"line":12,"column":0},"end":{"line":12,"column":48}},"14":{"start":{"line":13,"column":17},"end":{"line":13,"column":42}},"15":{"start":{"line":14,"column":0},"end":{"line":14,"column":45}},"16":{"start":{"line":16,"column":4},"end":{"line":28,"column":7}},"17":{"start":{"line":17,"column":27},"end":{"line":17,"column":119}},"18":{"start":{"line":18,"column":8},"end":{"line":27,"column":12}},"19":{"start":{"line":18,"column":46},"end":{"line":27,"column":10}},"20":{"start":{"line":19,"column":12},"end":{"line":26,"column":13}},"21":{"start":{"line":20,"column":16},"end":{"line":25,"column":17}},"22":{"start":{"line":21,"column":20},"end":{"line":21,"column":113}},"23":{"start":{"line":24,"column":20},"end":{"line":24,"column":41}},"24":{"start":{"line":30,"column":0},"end":{"line":30,"column":38}}},"fnMap":{"0":{"name":"(anonymous_0)","decl":{"start":{"line":2,"column":44},"end":{"line":2,"column":45}},"loc":{"start":{"line":2,"column":89},"end":{"line":10,"column":1}},"line":2},"1":{"name":"adopt","decl":{"start":{"line":3,"column":13},"end":{"line":3,"column":18}},"loc":{"start":{"line":3,"column":26},"end":{"line":3,"column":112}},"line":3},"2":{"name":"(anonymous_2)","decl":{"start":{"line":3,"column":70},"end":{"line":3,"column":71}},"loc":{"start":{"line":3,"column":89},"end":{"line":3,"column":108}},"line":3},"3":{"name":"(anonymous_3)","decl":{"start":{"line":4,"column":36},"end":{"line":4,"column":37}},"loc":{"start":{"line":4,"column":63},"end":{"line":9,"column":5}},"line":4},"4":{"name":"fulfilled","decl":{"start":{"line":5,"column":17},"end":{"line":5,"column":26}},"loc":{"start":{"line":5,"column":34},"end":{"line":5,"column":99}},"line":5},"5":{"name":"rejected","decl":{"start":{"line":6,"column":17},"end":{"line":6,"column":25}},"loc":{"start":{"line":6,"column":33},"end":{"line":6,"column":102}},"line":6},"6":{"name":"step","decl":{"start":{"line":7,"column":17},"end":{"line":7,"column":21}},"loc":{"start":{"line":7,"column":30},"end":{"line":7,"column":118}},"line":7},"7":{"name":"clearDatabase","decl":{"start":{"line":15,"column":9},"end":{"line":15,"column":22}},"loc":{"start":{"line":15,"column":42},"end":{"line":29,"column":1}},"line":15},"8":{"name":"(anonymous_8)","decl":{"start":{"line":16,"column":43},"end":{"line":16,"column":44}},"loc":{"start":{"line":16,"column":56},"end":{"line":28,"column":5}},"line":16},"9":{"name":"(anonymous_9)","decl":{"start":{"line":18,"column":27},"end":{"line":18,"column":28}},"loc":{"start":{"line":18,"column":46},"end":{"line":27,"column":10}},"line":18},"10":{"name":"(anonymous_10)","decl":{"start":{"line":18,"column":78},"end":{"line":18,"column":79}},"loc":{"start":{"line":18,"column":91},"end":{"line":27,"column":9}},"line":18}},"branchMap":{"0":{"loc":{"start":{"line":2,"column":16},"end":{"line":10,"column":1}},"type":"binary-expr","locations":[{"start":{"line":2,"column":17},"end":{"line":2,"column":21}},{"start":{"line":2,"column":25},"end":{"line":2,"column":39}},{"start":{"line":2,"column":44},"end":{"line":10,"column":1}}],"line":2},"1":{"loc":{"start":{"line":3,"column":35},"end":{"line":3,"column":109}},"type":"cond-expr","locations":[{"start":{"line":3,"column":56},"end":{"line":3,"column":61}},{"start":{"line":3,"column":64},"end":{"line":3,"column":109}}],"line":3},"2":{"loc":{"start":{"line":4,"column":16},"end":{"line":4,"column":34}},"type":"binary-expr","locations":[{"start":{"line":4,"column":16},"end":{"line":4,"column":17}},{"start":{"line":4,"column":22},"end":{"line":4,"column":33}}],"line":4},"3":{"loc":{"start":{"line":7,"column":32},"end":{"line":7,"column":115}},"type":"cond-expr","locations":[{"start":{"line":7,"column":46},"end":{"line":7,"column":67}},{"start":{"line":7,"column":70},"end":{"line":7,"column":115}}],"line":7},"4":{"loc":{"start":{"line":8,"column":51},"end":{"line":8,"column":67}},"type":"binary-expr","locations":[{"start":{"line":8,"column":51},"end":{"line":8,"column":61}},{"start":{"line":8,"column":65},"end":{"line":8,"column":67}}],"line":8},"5":{"loc":{"start":{"line":15,"column":23},"end":{"line":15,"column":40}},"type":"default-arg","locations":[{"start":{"line":15,"column":32},"end":{"line":15,"column":40}}],"line":15},"6":{"loc":{"start":{"line":19,"column":12},"end":{"line":26,"column":13}},"type":"if","locations":[{"start":{"line":19,"column":12},"end":{"line":26,"column":13}},{"start":{},"end":{}}],"line":19}},"s":{"0":1,"1":8,"2":8,"3":9,"4":8,"5":8,"6":0,"7":0,"8":0,"9":0,"10":17,"11":9,"12":1,"13":1,"14":1,"15":1,"16":1,"17":1,"18":1,"19":8,"20":8,"21":7,"22":7,"23":0,"24":1},"f":{"0":9,"1":8,"2":8,"3":9,"4":8,"5":0,"6":17,"7":1,"8":1,"9":8,"10":8},"b":{"0":[1,0,1],"1":[0,8],"2":[9,9],"3":[9,8],"4":[9,9],"5":[1],"6":[7,1]},"_coverageSchema":"1a1c01bbd47fc00a2c39e90264f33305004495a9","hash":"8842f462a7a3eaf209f8556602102c317b2515bc"}
,"/mnt/d/nerdery/rest/microblog/dist/dtos/base.dto.js": {"path":"/mnt/d/nerdery/rest/microblog/dist/dtos/base.dto.js","statementMap":{"0":{"start":{"line":2,"column":22},"end":{"line":12,"column":3}},"1":{"start":{"line":3,"column":4},"end":{"line":3,"column":33}},"2":{"start":{"line":3,"column":26},"end":{"line":3,"column":33}},"3":{"start":{"line":4,"column":15},"end":{"line":4,"column":52}},"4":{"start":{"line":5,"column":4},"end":{"line":7,"column":5}},"5":{"start":{"line":6,"column":6},"end":{"line":6,"column":68}},"6":{"start":{"line":6,"column":51},"end":{"line":6,"column":63}},"7":{"start":{"line":8,"column":4},"end":{"line":8,"column":39}},"8":{"start":{"line":10,"column":4},"end":{"line":10,"column":33}},"9":{"start":{"line":10,"column":26},"end":{"line":10,"column":33}},"10":{"start":{"line":11,"column":4},"end":{"line":11,"column":17}},"11":{"start":{"line":13,"column":25},"end":{"line":17,"column":2}},"12":{"start":{"line":14,"column":4},"end":{"line":14,"column":72}},"13":{"start":{"line":16,"column":4},"end":{"line":16,"column":21}},"14":{"start":{"line":18,"column":19},"end":{"line":24,"column":1}},"15":{"start":{"line":19,"column":4},"end":{"line":19,"column":42}},"16":{"start":{"line":19,"column":31},"end":{"line":19,"column":42}},"17":{"start":{"line":20,"column":17},"end":{"line":20,"column":19}},"18":{"start":{"line":21,"column":4},"end":{"line":21,"column":141}},"19":{"start":{"line":21,"column":21},"end":{"line":21,"column":141}},"20":{"start":{"line":21,"column":40},"end":{"line":21,"column":141}},"21":{"start":{"line":21,"column":109},"end":{"line":21,"column":141}},"22":{"start":{"line":22,"column":4},"end":{"line":22,"column":36}},"23":{"start":{"line":23,"column":4},"end":{"line":23,"column":18}},"24":{"start":{"line":25,"column":16},"end":{"line":33,"column":1}},"25":{"start":{"line":26,"column":28},"end":{"line":26,"column":110}},"26":{"start":{"line":26,"column":91},"end":{"line":26,"column":106}},"27":{"start":{"line":27,"column":4},"end":{"line":32,"column":7}},"28":{"start":{"line":28,"column":36},"end":{"line":28,"column":97}},"29":{"start":{"line":28,"column":42},"end":{"line":28,"column":70}},"30":{"start":{"line":28,"column":85},"end":{"line":28,"column":95}},"31":{"start":{"line":29,"column":35},"end":{"line":29,"column":100}},"32":{"start":{"line":29,"column":41},"end":{"line":29,"column":73}},"33":{"start":{"line":29,"column":88},"end":{"line":29,"column":98}},"34":{"start":{"line":30,"column":32},"end":{"line":30,"column":116}},"35":{"start":{"line":31,"column":8},"end":{"line":31,"column":78}},"36":{"start":{"line":34,"column":0},"end":{"line":34,"column":62}},"37":{"start":{"line":35,"column":0},"end":{"line":35,"column":25}},"38":{"start":{"line":36,"column":26},"end":{"line":36,"column":52}},"39":{"start":{"line":37,"column":22},"end":{"line":37,"column":58}},"40":{"start":{"line":40,"column":8},"end":{"line":49,"column":11}},"41":{"start":{"line":41,"column":37},"end":{"line":41,"column":80}},"42":{"start":{"line":42,"column":12},"end":{"line":47,"column":13}},"43":{"start":{"line":43,"column":35},"end":{"line":43,"column":65}},"44":{"start":{"line":44,"column":16},"end":{"line":46,"column":19}},"45":{"start":{"line":48,"column":12},"end":{"line":48,"column":24}},"46":{"start":{"line":52,"column":8},"end":{"line":63,"column":20}},"47":{"start":{"line":55,"column":12},"end":{"line":60,"column":13}},"48":{"start":{"line":56,"column":16},"end":{"line":59,"column":18}},"49":{"start":{"line":61,"column":12},"end":{"line":61,"column":47}},"50":{"start":{"line":66,"column":0},"end":{"line":66,"column":26}}},"fnMap":{"0":{"name":"(anonymous_0)","decl":{"start":{"line":2,"column":74},"end":{"line":2,"column":75}},"loc":{"start":{"line":2,"column":96},"end":{"line":9,"column":1}},"line":2},"1":{"name":"(anonymous_1)","decl":{"start":{"line":6,"column":38},"end":{"line":6,"column":39}},"loc":{"start":{"line":6,"column":49},"end":{"line":6,"column":65}},"line":6},"2":{"name":"(anonymous_2)","decl":{"start":{"line":9,"column":6},"end":{"line":9,"column":7}},"loc":{"start":{"line":9,"column":28},"end":{"line":12,"column":1}},"line":9},"3":{"name":"(anonymous_3)","decl":{"start":{"line":13,"column":80},"end":{"line":13,"column":81}},"loc":{"start":{"line":13,"column":95},"end":{"line":15,"column":1}},"line":13},"4":{"name":"(anonymous_4)","decl":{"start":{"line":15,"column":5},"end":{"line":15,"column":6}},"loc":{"start":{"line":15,"column":20},"end":{"line":17,"column":1}},"line":15},"5":{"name":"(anonymous_5)","decl":{"start":{"line":18,"column":50},"end":{"line":18,"column":51}},"loc":{"start":{"line":18,"column":65},"end":{"line":24,"column":1}},"line":18},"6":{"name":"(anonymous_6)","decl":{"start":{"line":25,"column":44},"end":{"line":25,"column":45}},"loc":{"start":{"line":25,"column":89},"end":{"line":33,"column":1}},"line":25},"7":{"name":"adopt","decl":{"start":{"line":26,"column":13},"end":{"line":26,"column":18}},"loc":{"start":{"line":26,"column":26},"end":{"line":26,"column":112}},"line":26},"8":{"name":"(anonymous_8)","decl":{"start":{"line":26,"column":70},"end":{"line":26,"column":71}},"loc":{"start":{"line":26,"column":89},"end":{"line":26,"column":108}},"line":26},"9":{"name":"(anonymous_9)","decl":{"start":{"line":27,"column":36},"end":{"line":27,"column":37}},"loc":{"start":{"line":27,"column":63},"end":{"line":32,"column":5}},"line":27},"10":{"name":"fulfilled","decl":{"start":{"line":28,"column":17},"end":{"line":28,"column":26}},"loc":{"start":{"line":28,"column":34},"end":{"line":28,"column":99}},"line":28},"11":{"name":"rejected","decl":{"start":{"line":29,"column":17},"end":{"line":29,"column":25}},"loc":{"start":{"line":29,"column":33},"end":{"line":29,"column":102}},"line":29},"12":{"name":"step","decl":{"start":{"line":30,"column":17},"end":{"line":30,"column":21}},"loc":{"start":{"line":30,"column":30},"end":{"line":30,"column":118}},"line":30},"13":{"name":"(anonymous_13)","decl":{"start":{"line":39,"column":4},"end":{"line":39,"column":5}},"loc":{"start":{"line":39,"column":14},"end":{"line":50,"column":5}},"line":39},"14":{"name":"(anonymous_14)","decl":{"start":{"line":40,"column":47},"end":{"line":40,"column":48}},"loc":{"start":{"line":40,"column":60},"end":{"line":49,"column":9}},"line":40},"15":{"name":"(anonymous_15)","decl":{"start":{"line":51,"column":4},"end":{"line":51,"column":5}},"loc":{"start":{"line":51,"column":19},"end":{"line":64,"column":5}},"line":51},"16":{"name":"(anonymous_16)","decl":{"start":{"line":53,"column":17},"end":{"line":53,"column":18}},"loc":{"start":{"line":53,"column":28},"end":{"line":62,"column":9}},"line":53}},"branchMap":{"0":{"loc":{"start":{"line":2,"column":22},"end":{"line":12,"column":3}},"type":"binary-expr","locations":[{"start":{"line":2,"column":23},"end":{"line":2,"column":27}},{"start":{"line":2,"column":31},"end":{"line":2,"column":51}},{"start":{"line":2,"column":57},"end":{"line":12,"column":2}}],"line":2},"1":{"loc":{"start":{"line":2,"column":57},"end":{"line":12,"column":2}},"type":"cond-expr","locations":[{"start":{"line":2,"column":74},"end":{"line":9,"column":1}},{"start":{"line":9,"column":6},"end":{"line":12,"column":1}}],"line":2},"2":{"loc":{"start":{"line":3,"column":4},"end":{"line":3,"column":33}},"type":"if","locations":[{"start":{"line":3,"column":4},"end":{"line":3,"column":33}},{"start":{},"end":{}}],"line":3},"3":{"loc":{"start":{"line":5,"column":4},"end":{"line":7,"column":5}},"type":"if","locations":[{"start":{"line":5,"column":4},"end":{"line":7,"column":5}},{"start":{},"end":{}}],"line":5},"4":{"loc":{"start":{"line":5,"column":8},"end":{"line":5,"column":85}},"type":"binary-expr","locations":[{"start":{"line":5,"column":8},"end":{"line":5,"column":13}},{"start":{"line":5,"column":18},"end":{"line":5,"column":84}}],"line":5},"5":{"loc":{"start":{"line":5,"column":18},"end":{"line":5,"column":84}},"type":"cond-expr","locations":[{"start":{"line":5,"column":34},"end":{"line":5,"column":47}},{"start":{"line":5,"column":50},"end":{"line":5,"column":84}}],"line":5},"6":{"loc":{"start":{"line":5,"column":50},"end":{"line":5,"column":84}},"type":"binary-expr","locations":[{"start":{"line":5,"column":50},"end":{"line":5,"column":63}},{"start":{"line":5,"column":67},"end":{"line":5,"column":84}}],"line":5},"7":{"loc":{"start":{"line":10,"column":4},"end":{"line":10,"column":33}},"type":"if","locations":[{"start":{"line":10,"column":4},"end":{"line":10,"column":33}},{"start":{},"end":{}}],"line":10},"8":{"loc":{"start":{"line":13,"column":25},"end":{"line":17,"column":2}},"type":"binary-expr","locations":[{"start":{"line":13,"column":26},"end":{"line":13,"column":30}},{"start":{"line":13,"column":34},"end":{"line":13,"column":57}},{"start":{"line":13,"column":63},"end":{"line":17,"column":1}}],"line":13},"9":{"loc":{"start":{"line":13,"column":63},"end":{"line":17,"column":1}},"type":"cond-expr","locations":[{"start":{"line":13,"column":80},"end":{"line":15,"column":1}},{"start":{"line":15,"column":5},"end":{"line":17,"column":1}}],"line":13},"10":{"loc":{"start":{"line":18,"column":19},"end":{"line":24,"column":1}},"type":"binary-expr","locations":[{"start":{"line":18,"column":20},"end":{"line":18,"column":24}},{"start":{"line":18,"column":28},"end":{"line":18,"column":45}},{"start":{"line":18,"column":50},"end":{"line":24,"column":1}}],"line":18},"11":{"loc":{"start":{"line":19,"column":4},"end":{"line":19,"column":42}},"type":"if","locations":[{"start":{"line":19,"column":4},"end":{"line":19,"column":42}},{"start":{},"end":{}}],"line":19},"12":{"loc":{"start":{"line":19,"column":8},"end":{"line":19,"column":29}},"type":"binary-expr","locations":[{"start":{"line":19,"column":8},"end":{"line":19,"column":11}},{"start":{"line":19,"column":15},"end":{"line":19,"column":29}}],"line":19},"13":{"loc":{"start":{"line":21,"column":4},"end":{"line":21,"column":141}},"type":"if","locations":[{"start":{"line":21,"column":4},"end":{"line":21,"column":141}},{"start":{},"end":{}}],"line":21},"14":{"loc":{"start":{"line":21,"column":40},"end":{"line":21,"column":141}},"type":"if","locations":[{"start":{"line":21,"column":40},"end":{"line":21,"column":141}},{"start":{},"end":{}}],"line":21},"15":{"loc":{"start":{"line":21,"column":44},"end":{"line":21,"column":107}},"type":"binary-expr","locations":[{"start":{"line":21,"column":44},"end":{"line":21,"column":59}},{"start":{"line":21,"column":63},"end":{"line":21,"column":107}}],"line":21},"16":{"loc":{"start":{"line":25,"column":16},"end":{"line":33,"column":1}},"type":"binary-expr","locations":[{"start":{"line":25,"column":17},"end":{"line":25,"column":21}},{"start":{"line":25,"column":25},"end":{"line":25,"column":39}},{"start":{"line":25,"column":44},"end":{"line":33,"column":1}}],"line":25},"17":{"loc":{"start":{"line":26,"column":35},"end":{"line":26,"column":109}},"type":"cond-expr","locations":[{"start":{"line":26,"column":56},"end":{"line":26,"column":61}},{"start":{"line":26,"column":64},"end":{"line":26,"column":109}}],"line":26},"18":{"loc":{"start":{"line":27,"column":16},"end":{"line":27,"column":34}},"type":"binary-expr","locations":[{"start":{"line":27,"column":16},"end":{"line":27,"column":17}},{"start":{"line":27,"column":22},"end":{"line":27,"column":33}}],"line":27},"19":{"loc":{"start":{"line":30,"column":32},"end":{"line":30,"column":115}},"type":"cond-expr","locations":[{"start":{"line":30,"column":46},"end":{"line":30,"column":67}},{"start":{"line":30,"column":70},"end":{"line":30,"column":115}}],"line":30},"20":{"loc":{"start":{"line":31,"column":51},"end":{"line":31,"column":67}},"type":"binary-expr","locations":[{"start":{"line":31,"column":51},"end":{"line":31,"column":61}},{"start":{"line":31,"column":65},"end":{"line":31,"column":67}}],"line":31},"21":{"loc":{"start":{"line":42,"column":12},"end":{"line":47,"column":13}},"type":"if","locations":[{"start":{"line":42,"column":12},"end":{"line":47,"column":13}},{"start":{},"end":{}}],"line":42},"22":{"loc":{"start":{"line":55,"column":12},"end":{"line":60,"column":13}},"type":"if","locations":[{"start":{"line":55,"column":12},"end":{"line":60,"column":13}},{"start":{},"end":{}}],"line":55},"23":{"loc":{"start":{"line":55,"column":18},"end":{"line":55,"column":86}},"type":"cond-expr","locations":[{"start":{"line":55,"column":68},"end":{"line":55,"column":74}},{"start":{"line":55,"column":77},"end":{"line":55,"column":86}}],"line":55},"24":{"loc":{"start":{"line":55,"column":18},"end":{"line":55,"column":65}},"type":"binary-expr","locations":[{"start":{"line":55,"column":18},"end":{"line":55,"column":48}},{"start":{"line":55,"column":52},"end":{"line":55,"column":65}}],"line":55},"25":{"loc":{"start":{"line":58,"column":46},"end":{"line":58,"column":106}},"type":"cond-expr","locations":[{"start":{"line":58,"column":99},"end":{"line":58,"column":101}},{"start":{"line":58,"column":104},"end":{"line":58,"column":106}}],"line":58},"26":{"loc":{"start":{"line":58,"column":46},"end":{"line":58,"column":96}},"type":"binary-expr","locations":[{"start":{"line":58,"column":46},"end":{"line":58,"column":79}},{"start":{"line":58,"column":83},"end":{"line":58,"column":96}}],"line":58}},"s":{"0":1,"1":84,"2":84,"3":84,"4":84,"5":84,"6":0,"7":84,"8":0,"9":0,"10":0,"11":1,"12":1,"13":0,"14":1,"15":1,"16":0,"17":1,"18":1,"19":1,"20":84,"21":84,"22":1,"23":1,"24":1,"25":0,"26":0,"27":0,"28":0,"29":0,"30":0,"31":0,"32":0,"33":0,"34":0,"35":0,"36":1,"37":1,"38":1,"39":1,"40":0,"41":0,"42":0,"43":0,"44":0,"45":0,"46":0,"47":0,"48":0,"49":0,"50":1},"f":{"0":84,"1":0,"2":0,"3":1,"4":0,"5":1,"6":0,"7":0,"8":0,"9":0,"10":0,"11":0,"12":0,"13":0,"14":0,"15":0,"16":0},"b":{"0":[1,0,1],"1":[1,0],"2":[84,0],"3":[84,0],"4":[84,84],"5":[0,84],"6":[84,0],"7":[0,0],"8":[1,0,1],"9":[1,0],"10":[1,0,1],"11":[0,1],"12":[1,1],"13":[1,0],"14":[84,0],"15":[84,84],"16":[1,0,1],"17":[0,0],"18":[0,0],"19":[0,0],"20":[0,0],"21":[0,0],"22":[0,0],"23":[0,0],"24":[0,0],"25":[0,0],"26":[0,0]},"_coverageSchema":"1a1c01bbd47fc00a2c39e90264f33305004495a9","hash":"f4c5efd4dc3cd01b22b90f54b5379df2b3f87ba4"}
,"/mnt/d/nerdery/rest/microblog/dist/dtos/auth/request/register.dto.js": {"path":"/mnt/d/nerdery/rest/microblog/dist/dtos/auth/request/register.dto.js","statementMap":{"0":{"start":{"line":2,"column":17},"end":{"line":7,"column":1}},"1":{"start":{"line":3,"column":12},"end":{"line":3,"column":28}},"2":{"start":{"line":3,"column":34},"end":{"line":3,"column":125}},"3":{"start":{"line":4,"column":4},"end":{"line":5,"column":150}},"4":{"start":{"line":4,"column":79},"end":{"line":4,"column":131}},"5":{"start":{"line":5,"column":9},"end":{"line":5,"column":150}},"6":{"start":{"line":5,"column":22},"end":{"line":5,"column":43}},"7":{"start":{"line":5,"column":58},"end":{"line":5,"column":150}},"8":{"start":{"line":5,"column":81},"end":{"line":5,"column":150}},"9":{"start":{"line":6,"column":4},"end":{"line":6,"column":66}},"10":{"start":{"line":8,"column":0},"end":{"line":8,"column":62}},"11":{"start":{"line":9,"column":0},"end":{"line":9,"column":29}},"12":{"start":{"line":10,"column":28},"end":{"line":10,"column":56}},"13":{"start":{"line":11,"column":26},"end":{"line":11,"column":52}},"14":{"start":{"line":12,"column":19},"end":{"line":12,"column":44}},"15":{"start":{"line":13,"column":18},"end":{"line":14,"column":1}},"16":{"start":{"line":15,"column":0},"end":{"line":18,"column":48}},"17":{"start":{"line":19,"column":0},"end":{"line":22,"column":47}},"18":{"start":{"line":23,"column":0},"end":{"line":26,"column":43}},"19":{"start":{"line":27,"column":0},"end":{"line":31,"column":46}},"20":{"start":{"line":32,"column":0},"end":{"line":34,"column":16}},"21":{"start":{"line":35,"column":0},"end":{"line":35,"column":34}}},"fnMap":{"0":{"name":"(anonymous_0)","decl":{"start":{"line":2,"column":46},"end":{"line":2,"column":47}},"loc":{"start":{"line":2,"column":87},"end":{"line":7,"column":1}},"line":2}},"branchMap":{"0":{"loc":{"start":{"line":2,"column":17},"end":{"line":7,"column":1}},"type":"binary-expr","locations":[{"start":{"line":2,"column":18},"end":{"line":2,"column":22}},{"start":{"line":2,"column":26},"end":{"line":2,"column":41}},{"start":{"line":2,"column":46},"end":{"line":7,"column":1}}],"line":2},"1":{"loc":{"start":{"line":3,"column":34},"end":{"line":3,"column":125}},"type":"cond-expr","locations":[{"start":{"line":3,"column":42},"end":{"line":3,"column":48}},{"start":{"line":3,"column":51},"end":{"line":3,"column":125}}],"line":3},"2":{"loc":{"start":{"line":3,"column":51},"end":{"line":3,"column":125}},"type":"cond-expr","locations":[{"start":{"line":3,"column":67},"end":{"line":3,"column":118}},{"start":{"line":3,"column":121},"end":{"line":3,"column":125}}],"line":3},"3":{"loc":{"start":{"line":4,"column":4},"end":{"line":5,"column":150}},"type":"if","locations":[{"start":{"line":4,"column":4},"end":{"line":5,"column":150}},{"start":{"line":5,"column":9},"end":{"line":5,"column":150}}],"line":4},"4":{"loc":{"start":{"line":4,"column":8},"end":{"line":4,"column":77}},"type":"binary-expr","locations":[{"start":{"line":4,"column":8},"end":{"line":4,"column":35}},{"start":{"line":4,"column":39},"end":{"line":4,"column":77}}],"line":4},"5":{"loc":{"start":{"line":5,"column":58},"end":{"line":5,"column":150}},"type":"if","locations":[{"start":{"line":5,"column":58},"end":{"line":5,"column":150}},{"start":{},"end":{}}],"line":5},"6":{"loc":{"start":{"line":5,"column":85},"end":{"line":5,"column":149}},"type":"binary-expr","locations":[{"start":{"line":5,"column":86},"end":{"line":5,"column":143}},{"start":{"line":5,"column":148},"end":{"line":5,"column":149}}],"line":5},"7":{"loc":{"start":{"line":5,"column":86},"end":{"line":5,"column":143}},"type":"cond-expr","locations":[{"start":{"line":5,"column":94},"end":{"line":5,"column":98}},{"start":{"line":5,"column":101},"end":{"line":5,"column":143}}],"line":5},"8":{"loc":{"start":{"line":5,"column":101},"end":{"line":5,"column":143}},"type":"cond-expr","locations":[{"start":{"line":5,"column":109},"end":{"line":5,"column":126}},{"start":{"line":5,"column":129},"end":{"line":5,"column":143}}],"line":5},"9":{"loc":{"start":{"line":6,"column":11},"end":{"line":6,"column":62}},"type":"binary-expr","locations":[{"start":{"line":6,"column":11},"end":{"line":6,"column":16}},{"start":{"line":6,"column":20},"end":{"line":6,"column":21}},{"start":{"line":6,"column":25},"end":{"line":6,"column":62}}],"line":6}},"s":{"0":1,"1":5,"2":5,"3":5,"4":0,"5":5,"6":5,"7":10,"8":10,"9":5,"10":1,"11":1,"12":1,"13":1,"14":1,"15":1,"16":1,"17":1,"18":1,"19":1,"20":1,"21":1},"f":{"0":5},"b":{"0":[1,0,1],"1":[1,4],"2":[0,4],"3":[0,5],"4":[5,5],"5":[10,0],"6":[10,10],"7":[1,9],"8":[9,0],"9":[5,4,0]},"_coverageSchema":"1a1c01bbd47fc00a2c39e90264f33305004495a9","hash":"116e6a5a3bd275511e4b1fd504ea38949aa9e4f7"}
,"/mnt/d/nerdery/rest/microblog/dist/dtos/auth/request/signIn.dto.js": {"path":"/mnt/d/nerdery/rest/microblog/dist/dtos/auth/request/signIn.dto.js","statementMap":{"0":{"start":{"line":2,"column":17},"end":{"line":7,"column":1}},"1":{"start":{"line":3,"column":12},"end":{"line":3,"column":28}},"2":{"start":{"line":3,"column":34},"end":{"line":3,"column":125}},"3":{"start":{"line":4,"column":4},"end":{"line":5,"column":150}},"4":{"start":{"line":4,"column":79},"end":{"line":4,"column":131}},"5":{"start":{"line":5,"column":9},"end":{"line":5,"column":150}},"6":{"start":{"line":5,"column":22},"end":{"line":5,"column":43}},"7":{"start":{"line":5,"column":58},"end":{"line":5,"column":150}},"8":{"start":{"line":5,"column":81},"end":{"line":5,"column":150}},"9":{"start":{"line":6,"column":4},"end":{"line":6,"column":66}},"10":{"start":{"line":8,"column":0},"end":{"line":8,"column":62}},"11":{"start":{"line":9,"column":0},"end":{"line":9,"column":27}},"12":{"start":{"line":10,"column":28},"end":{"line":10,"column":56}},"13":{"start":{"line":11,"column":26},"end":{"line":11,"column":52}},"14":{"start":{"line":12,"column":19},"end":{"line":12,"column":44}},"15":{"start":{"line":13,"column":16},"end":{"line":14,"column":1}},"16":{"start":{"line":15,"column":0},"end":{"line":18,"column":41}},"17":{"start":{"line":19,"column":0},"end":{"line":23,"column":44}},"18":{"start":{"line":24,"column":0},"end":{"line":26,"column":14}},"19":{"start":{"line":27,"column":0},"end":{"line":27,"column":30}}},"fnMap":{"0":{"name":"(anonymous_0)","decl":{"start":{"line":2,"column":46},"end":{"line":2,"column":47}},"loc":{"start":{"line":2,"column":87},"end":{"line":7,"column":1}},"line":2}},"branchMap":{"0":{"loc":{"start":{"line":2,"column":17},"end":{"line":7,"column":1}},"type":"binary-expr","locations":[{"start":{"line":2,"column":18},"end":{"line":2,"column":22}},{"start":{"line":2,"column":26},"end":{"line":2,"column":41}},{"start":{"line":2,"column":46},"end":{"line":7,"column":1}}],"line":2},"1":{"loc":{"start":{"line":3,"column":34},"end":{"line":3,"column":125}},"type":"cond-expr","locations":[{"start":{"line":3,"column":42},"end":{"line":3,"column":48}},{"start":{"line":3,"column":51},"end":{"line":3,"column":125}}],"line":3},"2":{"loc":{"start":{"line":3,"column":51},"end":{"line":3,"column":125}},"type":"cond-expr","locations":[{"start":{"line":3,"column":67},"end":{"line":3,"column":118}},{"start":{"line":3,"column":121},"end":{"line":3,"column":125}}],"line":3},"3":{"loc":{"start":{"line":4,"column":4},"end":{"line":5,"column":150}},"type":"if","locations":[{"start":{"line":4,"column":4},"end":{"line":5,"column":150}},{"start":{"line":5,"column":9},"end":{"line":5,"column":150}}],"line":4},"4":{"loc":{"start":{"line":4,"column":8},"end":{"line":4,"column":77}},"type":"binary-expr","locations":[{"start":{"line":4,"column":8},"end":{"line":4,"column":35}},{"start":{"line":4,"column":39},"end":{"line":4,"column":77}}],"line":4},"5":{"loc":{"start":{"line":5,"column":58},"end":{"line":5,"column":150}},"type":"if","locations":[{"start":{"line":5,"column":58},"end":{"line":5,"column":150}},{"start":{},"end":{}}],"line":5},"6":{"loc":{"start":{"line":5,"column":85},"end":{"line":5,"column":149}},"type":"binary-expr","locations":[{"start":{"line":5,"column":86},"end":{"line":5,"column":143}},{"start":{"line":5,"column":148},"end":{"line":5,"column":149}}],"line":5},"7":{"loc":{"start":{"line":5,"column":86},"end":{"line":5,"column":143}},"type":"cond-expr","locations":[{"start":{"line":5,"column":94},"end":{"line":5,"column":98}},{"start":{"line":5,"column":101},"end":{"line":5,"column":143}}],"line":5},"8":{"loc":{"start":{"line":5,"column":101},"end":{"line":5,"column":143}},"type":"cond-expr","locations":[{"start":{"line":5,"column":109},"end":{"line":5,"column":126}},{"start":{"line":5,"column":129},"end":{"line":5,"column":143}}],"line":5},"9":{"loc":{"start":{"line":6,"column":11},"end":{"line":6,"column":62}},"type":"binary-expr","locations":[{"start":{"line":6,"column":11},"end":{"line":6,"column":16}},{"start":{"line":6,"column":20},"end":{"line":6,"column":21}},{"start":{"line":6,"column":25},"end":{"line":6,"column":62}}],"line":6}},"s":{"0":1,"1":3,"2":3,"3":3,"4":0,"5":3,"6":3,"7":6,"8":6,"9":3,"10":1,"11":1,"12":1,"13":1,"14":1,"15":1,"16":1,"17":1,"18":1,"19":1},"f":{"0":3},"b":{"0":[1,0,1],"1":[1,2],"2":[0,2],"3":[0,3],"4":[3,3],"5":[6,0],"6":[6,6],"7":[1,5],"8":[5,0],"9":[3,2,0]},"_coverageSchema":"1a1c01bbd47fc00a2c39e90264f33305004495a9","hash":"00673b7558a555c16d81b863e9b431eb25e1f372"}
,"/mnt/d/nerdery/rest/microblog/dist/events/index.js": {"path":"/mnt/d/nerdery/rest/microblog/dist/events/index.js","statementMap":{"0":{"start":{"line":2,"column":0},"end":{"line":2,"column":62}},"1":{"start":{"line":3,"column":0},"end":{"line":3,"column":46}},"2":{"start":{"line":4,"column":24},"end":{"line":4,"column":48}},"3":{"start":{"line":5,"column":21},"end":{"line":5,"column":44}},"4":{"start":{"line":6,"column":0},"end":{"line":6,"column":54}},"5":{"start":{"line":8,"column":4},"end":{"line":8,"column":92}},"6":{"start":{"line":10,"column":0},"end":{"line":10,"column":32}}},"fnMap":{"0":{"name":"initEvents","decl":{"start":{"line":7,"column":9},"end":{"line":7,"column":19}},"loc":{"start":{"line":7,"column":22},"end":{"line":9,"column":1}},"line":7}},"branchMap":{},"s":{"0":1,"1":1,"2":1,"3":1,"4":1,"5":0,"6":1},"f":{"0":0},"b":{},"_coverageSchema":"1a1c01bbd47fc00a2c39e90264f33305004495a9","hash":"5249761bf5a145f6567fe946a7c1e0a12904d20b"}
,"/mnt/d/nerdery/rest/microblog/dist/events/mail.event.js": {"path":"/mnt/d/nerdery/rest/microblog/dist/events/mail.event.js","statementMap":{"0":{"start":{"line":2,"column":16},"end":{"line":10,"column":1}},"1":{"start":{"line":3,"column":28},"end":{"line":3,"column":110}},"2":{"start":{"line":3,"column":91},"end":{"line":3,"column":106}},"3":{"start":{"line":4,"column":4},"end":{"line":9,"column":7}},"4":{"start":{"line":5,"column":36},"end":{"line":5,"column":97}},"5":{"start":{"line":5,"column":42},"end":{"line":5,"column":70}},"6":{"start":{"line":5,"column":85},"end":{"line":5,"column":95}},"7":{"start":{"line":6,"column":35},"end":{"line":6,"column":100}},"8":{"start":{"line":6,"column":41},"end":{"line":6,"column":73}},"9":{"start":{"line":6,"column":88},"end":{"line":6,"column":98}},"10":{"start":{"line":7,"column":32},"end":{"line":7,"column":116}},"11":{"start":{"line":8,"column":8},"end":{"line":8,"column":78}},"12":{"start":{"line":11,"column":0},"end":{"line":11,"column":62}},"13":{"start":{"line":12,"column":0},"end":{"line":12,"column":68}},"14":{"start":{"line":13,"column":27},"end":{"line":13,"column":66}},"15":{"start":{"line":14,"column":24},"end":{"line":14,"column":60}},"16":{"start":{"line":15,"column":16},"end":{"line":15,"column":41}},"17":{"start":{"line":16,"column":0},"end":{"line":16,"column":50}},"18":{"start":{"line":18,"column":4},"end":{"line":37,"column":7}},"19":{"start":{"line":19,"column":8},"end":{"line":36,"column":9}},"20":{"start":{"line":20,"column":29},"end":{"line":20,"column":229}},"21":{"start":{"line":21,"column":31},"end":{"line":21,"column":74}},"22":{"start":{"line":22,"column":12},"end":{"line":32,"column":13}},"23":{"start":{"line":23,"column":16},"end":{"line":28,"column":19}},"24":{"start":{"line":31,"column":16},"end":{"line":31,"column":57}},"25":{"start":{"line":35,"column":12},"end":{"line":35,"column":57}},"26":{"start":{"line":39,"column":0},"end":{"line":39,"column":54}}},"fnMap":{"0":{"name":"(anonymous_0)","decl":{"start":{"line":2,"column":44},"end":{"line":2,"column":45}},"loc":{"start":{"line":2,"column":89},"end":{"line":10,"column":1}},"line":2},"1":{"name":"adopt","decl":{"start":{"line":3,"column":13},"end":{"line":3,"column":18}},"loc":{"start":{"line":3,"column":26},"end":{"line":3,"column":112}},"line":3},"2":{"name":"(anonymous_2)","decl":{"start":{"line":3,"column":70},"end":{"line":3,"column":71}},"loc":{"start":{"line":3,"column":89},"end":{"line":3,"column":108}},"line":3},"3":{"name":"(anonymous_3)","decl":{"start":{"line":4,"column":36},"end":{"line":4,"column":37}},"loc":{"start":{"line":4,"column":63},"end":{"line":9,"column":5}},"line":4},"4":{"name":"fulfilled","decl":{"start":{"line":5,"column":17},"end":{"line":5,"column":26}},"loc":{"start":{"line":5,"column":34},"end":{"line":5,"column":99}},"line":5},"5":{"name":"rejected","decl":{"start":{"line":6,"column":17},"end":{"line":6,"column":25}},"loc":{"start":{"line":6,"column":33},"end":{"line":6,"column":102}},"line":6},"6":{"name":"step","decl":{"start":{"line":7,"column":17},"end":{"line":7,"column":21}},"loc":{"start":{"line":7,"column":30},"end":{"line":7,"column":118}},"line":7},"7":{"name":"confirmUserEmailEvent","decl":{"start":{"line":17,"column":9},"end":{"line":17,"column":30}},"loc":{"start":{"line":17,"column":51},"end":{"line":38,"column":1}},"line":17},"8":{"name":"(anonymous_8)","decl":{"start":{"line":18,"column":43},"end":{"line":18,"column":44}},"loc":{"start":{"line":18,"column":56},"end":{"line":37,"column":5}},"line":18}},"branchMap":{"0":{"loc":{"start":{"line":2,"column":16},"end":{"line":10,"column":1}},"type":"binary-expr","locations":[{"start":{"line":2,"column":17},"end":{"line":2,"column":21}},{"start":{"line":2,"column":25},"end":{"line":2,"column":39}},{"start":{"line":2,"column":44},"end":{"line":10,"column":1}}],"line":2},"1":{"loc":{"start":{"line":3,"column":35},"end":{"line":3,"column":109}},"type":"cond-expr","locations":[{"start":{"line":3,"column":56},"end":{"line":3,"column":61}},{"start":{"line":3,"column":64},"end":{"line":3,"column":109}}],"line":3},"2":{"loc":{"start":{"line":4,"column":16},"end":{"line":4,"column":34}},"type":"binary-expr","locations":[{"start":{"line":4,"column":16},"end":{"line":4,"column":17}},{"start":{"line":4,"column":22},"end":{"line":4,"column":33}}],"line":4},"3":{"loc":{"start":{"line":7,"column":32},"end":{"line":7,"column":115}},"type":"cond-expr","locations":[{"start":{"line":7,"column":46},"end":{"line":7,"column":67}},{"start":{"line":7,"column":70},"end":{"line":7,"column":115}}],"line":7},"4":{"loc":{"start":{"line":8,"column":51},"end":{"line":8,"column":67}},"type":"binary-expr","locations":[{"start":{"line":8,"column":51},"end":{"line":8,"column":61}},{"start":{"line":8,"column":65},"end":{"line":8,"column":67}}],"line":8}},"s":{"0":1,"1":0,"2":0,"3":0,"4":0,"5":0,"6":0,"7":0,"8":0,"9":0,"10":0,"11":0,"12":1,"13":1,"14":1,"15":1,"16":1,"17":1,"18":0,"19":0,"20":0,"21":0,"22":0,"23":0,"24":0,"25":0,"26":1},"f":{"0":0,"1":0,"2":0,"3":0,"4":0,"5":0,"6":0,"7":0,"8":0},"b":{"0":[1,0,1],"1":[0,0],"2":[0,0],"3":[0,0],"4":[0,0]},"_coverageSchema":"1a1c01bbd47fc00a2c39e90264f33305004495a9","hash":"a02f9f7da510fb58bca572626d4ab03420abfbbb"}
,"/mnt/d/nerdery/rest/microblog/dist/services/auth.service.js": {"path":"/mnt/d/nerdery/rest/microblog/dist/services/auth.service.js","statementMap":{"0":{"start":{"line":2,"column":16},"end":{"line":10,"column":1}},"1":{"start":{"line":3,"column":28},"end":{"line":3,"column":110}},"2":{"start":{"line":3,"column":91},"end":{"line":3,"column":106}},"3":{"start":{"line":4,"column":4},"end":{"line":9,"column":7}},"4":{"start":{"line":5,"column":36},"end":{"line":5,"column":97}},"5":{"start":{"line":5,"column":42},"end":{"line":5,"column":70}},"6":{"start":{"line":5,"column":85},"end":{"line":5,"column":95}},"7":{"start":{"line":6,"column":35},"end":{"line":6,"column":100}},"8":{"start":{"line":6,"column":41},"end":{"line":6,"column":73}},"9":{"start":{"line":6,"column":88},"end":{"line":6,"column":98}},"10":{"start":{"line":7,"column":32},"end":{"line":7,"column":116}},"11":{"start":{"line":8,"column":8},"end":{"line":8,"column":78}},"12":{"start":{"line":11,"column":13},"end":{"line":21,"column":1}},"13":{"start":{"line":12,"column":12},"end":{"line":12,"column":14}},"14":{"start":{"line":13,"column":4},"end":{"line":14,"column":20}},"15":{"start":{"line":13,"column":21},"end":{"line":14,"column":20}},"16":{"start":{"line":14,"column":8},"end":{"line":14,"column":20}},"17":{"start":{"line":15,"column":4},"end":{"line":19,"column":9}},"18":{"start":{"line":16,"column":8},"end":{"line":19,"column":9}},"19":{"start":{"line":16,"column":21},"end":{"line":16,"column":22}},"20":{"start":{"line":16,"column":28},"end":{"line":16,"column":59}},"21":{"start":{"line":17,"column":12},"end":{"line":18,"column":34}},"22":{"start":{"line":18,"column":16},"end":{"line":18,"column":34}},"23":{"start":{"line":20,"column":4},"end":{"line":20,"column":13}},"24":{"start":{"line":22,"column":0},"end":{"line":22,"column":62}},"25":{"start":{"line":23,"column":0},"end":{"line":23,"column":29}},"26":{"start":{"line":24,"column":19},"end":{"line":24,"column":38}},"27":{"start":{"line":25,"column":17},"end":{"line":25,"column":37}},"28":{"start":{"line":26,"column":22},"end":{"line":26,"column":44}},"29":{"start":{"line":27,"column":17},"end":{"line":27,"column":37}},"30":{"start":{"line":28,"column":24},"end":{"line":28,"column":50}},"31":{"start":{"line":29,"column":21},"end":{"line":29,"column":52}},"32":{"start":{"line":30,"column":23},"end":{"line":30,"column":46}},"33":{"start":{"line":33,"column":27},"end":{"line":33,"column":29}},"34":{"start":{"line":33,"column":39},"end":{"line":33,"column":63}},"35":{"start":{"line":34,"column":8},"end":{"line":51,"column":11}},"36":{"start":{"line":35,"column":30},"end":{"line":38,"column":14}},"37":{"start":{"line":39,"column":12},"end":{"line":41,"column":13}},"38":{"start":{"line":40,"column":16},"end":{"line":40,"column":79}},"39":{"start":{"line":42,"column":25},"end":{"line":44,"column":14}},"40":{"start":{"line":45,"column":29},"end":{"line":45,"column":91}},"41":{"start":{"line":46,"column":12},"end":{"line":49,"column":15}},"42":{"start":{"line":50,"column":12},"end":{"line":50,"column":28}},"43":{"start":{"line":54,"column":8},"end":{"line":69,"column":11}},"44":{"start":{"line":55,"column":25},"end":{"line":59,"column":14}},"45":{"start":{"line":60,"column":12},"end":{"line":62,"column":13}},"46":{"start":{"line":61,"column":16},"end":{"line":61,"column":67}},"47":{"start":{"line":63,"column":31},"end":{"line":63,"column":83}},"48":{"start":{"line":64,"column":12},"end":{"line":66,"column":13}},"49":{"start":{"line":65,"column":16},"end":{"line":65,"column":71}},"50":{"start":{"line":67,"column":29},"end":{"line":67,"column":91}},"51":{"start":{"line":68,"column":12},"end":{"line":68,"column":28}},"52":{"start":{"line":72,"column":8},"end":{"line":87,"column":11}},"53":{"start":{"line":73,"column":12},"end":{"line":75,"column":13}},"54":{"start":{"line":74,"column":16},"end":{"line":74,"column":80}},"55":{"start":{"line":76,"column":12},"end":{"line":86,"column":13}},"56":{"start":{"line":77,"column":32},"end":{"line":77,"column":95}},"57":{"start":{"line":78,"column":16},"end":{"line":82,"column":19}},"58":{"start":{"line":85,"column":16},"end":{"line":85,"column":81}},"59":{"start":{"line":90,"column":0},"end":{"line":90,"column":34}}},"fnMap":{"0":{"name":"(anonymous_0)","decl":{"start":{"line":2,"column":44},"end":{"line":2,"column":45}},"loc":{"start":{"line":2,"column":89},"end":{"line":10,"column":1}},"line":2},"1":{"name":"adopt","decl":{"start":{"line":3,"column":13},"end":{"line":3,"column":18}},"loc":{"start":{"line":3,"column":26},"end":{"line":3,"column":112}},"line":3},"2":{"name":"(anonymous_2)","decl":{"start":{"line":3,"column":70},"end":{"line":3,"column":71}},"loc":{"start":{"line":3,"column":89},"end":{"line":3,"column":108}},"line":3},"3":{"name":"(anonymous_3)","decl":{"start":{"line":4,"column":36},"end":{"line":4,"column":37}},"loc":{"start":{"line":4,"column":63},"end":{"line":9,"column":5}},"line":4},"4":{"name":"fulfilled","decl":{"start":{"line":5,"column":17},"end":{"line":5,"column":26}},"loc":{"start":{"line":5,"column":34},"end":{"line":5,"column":99}},"line":5},"5":{"name":"rejected","decl":{"start":{"line":6,"column":17},"end":{"line":6,"column":25}},"loc":{"start":{"line":6,"column":33},"end":{"line":6,"column":102}},"line":6},"6":{"name":"step","decl":{"start":{"line":7,"column":17},"end":{"line":7,"column":21}},"loc":{"start":{"line":7,"column":30},"end":{"line":7,"column":118}},"line":7},"7":{"name":"(anonymous_7)","decl":{"start":{"line":11,"column":38},"end":{"line":11,"column":39}},"loc":{"start":{"line":11,"column":54},"end":{"line":21,"column":1}},"line":11},"8":{"name":"(anonymous_8)","decl":{"start":{"line":32,"column":4},"end":{"line":32,"column":5}},"loc":{"start":{"line":32,"column":24},"end":{"line":52,"column":5}},"line":32},"9":{"name":"(anonymous_9)","decl":{"start":{"line":34,"column":47},"end":{"line":34,"column":48}},"loc":{"start":{"line":34,"column":60},"end":{"line":51,"column":9}},"line":34},"10":{"name":"(anonymous_10)","decl":{"start":{"line":53,"column":4},"end":{"line":53,"column":5}},"loc":{"start":{"line":53,"column":39},"end":{"line":70,"column":5}},"line":53},"11":{"name":"(anonymous_11)","decl":{"start":{"line":54,"column":47},"end":{"line":54,"column":48}},"loc":{"start":{"line":54,"column":60},"end":{"line":69,"column":9}},"line":54},"12":{"name":"(anonymous_12)","decl":{"start":{"line":71,"column":4},"end":{"line":71,"column":5}},"loc":{"start":{"line":71,"column":32},"end":{"line":88,"column":5}},"line":71},"13":{"name":"(anonymous_13)","decl":{"start":{"line":72,"column":47},"end":{"line":72,"column":48}},"loc":{"start":{"line":72,"column":60},"end":{"line":87,"column":9}},"line":72}},"branchMap":{"0":{"loc":{"start":{"line":2,"column":16},"end":{"line":10,"column":1}},"type":"binary-expr","locations":[{"start":{"line":2,"column":17},"end":{"line":2,"column":21}},{"start":{"line":2,"column":25},"end":{"line":2,"column":39}},{"start":{"line":2,"column":44},"end":{"line":10,"column":1}}],"line":2},"1":{"loc":{"start":{"line":3,"column":35},"end":{"line":3,"column":109}},"type":"cond-expr","locations":[{"start":{"line":3,"column":56},"end":{"line":3,"column":61}},{"start":{"line":3,"column":64},"end":{"line":3,"column":109}}],"line":3},"2":{"loc":{"start":{"line":4,"column":16},"end":{"line":4,"column":34}},"type":"binary-expr","locations":[{"start":{"line":4,"column":16},"end":{"line":4,"column":17}},{"start":{"line":4,"column":22},"end":{"line":4,"column":33}}],"line":4},"3":{"loc":{"start":{"line":7,"column":32},"end":{"line":7,"column":115}},"type":"cond-expr","locations":[{"start":{"line":7,"column":46},"end":{"line":7,"column":67}},{"start":{"line":7,"column":70},"end":{"line":7,"column":115}}],"line":7},"4":{"loc":{"start":{"line":8,"column":51},"end":{"line":8,"column":67}},"type":"binary-expr","locations":[{"start":{"line":8,"column":51},"end":{"line":8,"column":61}},{"start":{"line":8,"column":65},"end":{"line":8,"column":67}}],"line":8},"5":{"loc":{"start":{"line":11,"column":13},"end":{"line":21,"column":1}},"type":"binary-expr","locations":[{"start":{"line":11,"column":14},"end":{"line":11,"column":18}},{"start":{"line":11,"column":22},"end":{"line":11,"column":33}},{"start":{"line":11,"column":38},"end":{"line":21,"column":1}}],"line":11},"6":{"loc":{"start":{"line":13,"column":21},"end":{"line":14,"column":20}},"type":"if","locations":[{"start":{"line":13,"column":21},"end":{"line":14,"column":20}},{"start":{},"end":{}}],"line":13},"7":{"loc":{"start":{"line":13,"column":25},"end":{"line":13,"column":87}},"type":"binary-expr","locations":[{"start":{"line":13,"column":25},"end":{"line":13,"column":67}},{"start":{"line":13,"column":71},"end":{"line":13,"column":87}}],"line":13},"8":{"loc":{"start":{"line":15,"column":4},"end":{"line":19,"column":9}},"type":"if","locations":[{"start":{"line":15,"column":4},"end":{"line":19,"column":9}},{"start":{},"end":{}}],"line":15},"9":{"loc":{"start":{"line":15,"column":8},"end":{"line":15,"column":71}},"type":"binary-expr","locations":[{"start":{"line":15,"column":8},"end":{"line":15,"column":17}},{"start":{"line":15,"column":21},"end":{"line":15,"column":71}}],"line":15},"10":{"loc":{"start":{"line":17,"column":12},"end":{"line":18,"column":34}},"type":"if","locations":[{"start":{"line":17,"column":12},"end":{"line":18,"column":34}},{"start":{},"end":{}}],"line":17},"11":{"loc":{"start":{"line":17,"column":16},"end":{"line":17,"column":90}},"type":"binary-expr","locations":[{"start":{"line":17,"column":16},"end":{"line":17,"column":35}},{"start":{"line":17,"column":39},"end":{"line":17,"column":90}}],"line":17},"12":{"loc":{"start":{"line":39,"column":12},"end":{"line":41,"column":13}},"type":"if","locations":[{"start":{"line":39,"column":12},"end":{"line":41,"column":13}},{"start":{},"end":{}}],"line":39},"13":{"loc":{"start":{"line":60,"column":12},"end":{"line":62,"column":13}},"type":"if","locations":[{"start":{"line":60,"column":12},"end":{"line":62,"column":13}},{"start":{},"end":{}}],"line":60},"14":{"loc":{"start":{"line":64,"column":12},"end":{"line":66,"column":13}},"type":"if","locations":[{"start":{"line":64,"column":12},"end":{"line":66,"column":13}},{"start":{},"end":{}}],"line":64},"15":{"loc":{"start":{"line":73,"column":12},"end":{"line":75,"column":13}},"type":"if","locations":[{"start":{"line":73,"column":12},"end":{"line":75,"column":13}},{"start":{},"end":{}}],"line":73}},"s":{"0":1,"1":14,"2":10,"3":10,"4":14,"5":14,"6":3,"7":0,"8":0,"9":0,"10":19,"11":10,"12":1,"13":3,"14":3,"15":12,"16":9,"17":3,"18":3,"19":3,"20":3,"21":0,"22":0,"23":3,"24":1,"25":1,"26":1,"27":1,"28":1,"29":1,"30":1,"31":1,"32":1,"33":3,"34":3,"35":3,"36":3,"37":3,"38":1,"39":2,"40":2,"41":2,"42":2,"43":4,"44":4,"45":4,"46":1,"47":3,"48":3,"49":1,"50":2,"51":2,"52":3,"53":3,"54":1,"55":2,"56":2,"57":1,"58":1,"59":1},"f":{"0":10,"1":14,"2":10,"3":10,"4":14,"5":0,"6":19,"7":3,"8":3,"9":3,"10":4,"11":4,"12":3,"13":3},"b":{"0":[1,0,1],"1":[4,10],"2":[10,10],"3":[5,14],"4":[10,10],"5":[1,0,1],"6":[9,3],"7":[12,12],"8":[3,0],"9":[3,3],"10":[0,0],"11":[0,0],"12":[1,2],"13":[1,3],"14":[1,2],"15":[1,2]},"_coverageSchema":"1a1c01bbd47fc00a2c39e90264f33305004495a9","hash":"e979139a6125f6897f0ecd863e46aafd0bfa3a77"}
,"/mnt/d/nerdery/rest/microblog/dist/services/sendgrid.service.js": {"path":"/mnt/d/nerdery/rest/microblog/dist/services/sendgrid.service.js","statementMap":{"0":{"start":{"line":2,"column":16},"end":{"line":10,"column":1}},"1":{"start":{"line":3,"column":28},"end":{"line":3,"column":110}},"2":{"start":{"line":3,"column":91},"end":{"line":3,"column":106}},"3":{"start":{"line":4,"column":4},"end":{"line":9,"column":7}},"4":{"start":{"line":5,"column":36},"end":{"line":5,"column":97}},"5":{"start":{"line":5,"column":42},"end":{"line":5,"column":70}},"6":{"start":{"line":5,"column":85},"end":{"line":5,"column":95}},"7":{"start":{"line":6,"column":35},"end":{"line":6,"column":100}},"8":{"start":{"line":6,"column":41},"end":{"line":6,"column":73}},"9":{"start":{"line":6,"column":88},"end":{"line":6,"column":98}},"10":{"start":{"line":7,"column":32},"end":{"line":7,"column":116}},"11":{"start":{"line":8,"column":8},"end":{"line":8,"column":78}},"12":{"start":{"line":11,"column":22},"end":{"line":13,"column":1}},"13":{"start":{"line":12,"column":4},"end":{"line":12,"column":62}},"14":{"start":{"line":14,"column":0},"end":{"line":14,"column":62}},"15":{"start":{"line":15,"column":0},"end":{"line":15,"column":33}},"16":{"start":{"line":16,"column":15},"end":{"line":16,"column":57}},"17":{"start":{"line":17,"column":0},"end":{"line":17,"column":55}},"18":{"start":{"line":20,"column":8},"end":{"line":22,"column":11}},"19":{"start":{"line":21,"column":12},"end":{"line":21,"column":124}},"20":{"start":{"line":25,"column":0},"end":{"line":25,"column":42}}},"fnMap":{"0":{"name":"(anonymous_0)","decl":{"start":{"line":2,"column":44},"end":{"line":2,"column":45}},"loc":{"start":{"line":2,"column":89},"end":{"line":10,"column":1}},"line":2},"1":{"name":"adopt","decl":{"start":{"line":3,"column":13},"end":{"line":3,"column":18}},"loc":{"start":{"line":3,"column":26},"end":{"line":3,"column":112}},"line":3},"2":{"name":"(anonymous_2)","decl":{"start":{"line":3,"column":70},"end":{"line":3,"column":71}},"loc":{"start":{"line":3,"column":89},"end":{"line":3,"column":108}},"line":3},"3":{"name":"(anonymous_3)","decl":{"start":{"line":4,"column":36},"end":{"line":4,"column":37}},"loc":{"start":{"line":4,"column":63},"end":{"line":9,"column":5}},"line":4},"4":{"name":"fulfilled","decl":{"start":{"line":5,"column":17},"end":{"line":5,"column":26}},"loc":{"start":{"line":5,"column":34},"end":{"line":5,"column":99}},"line":5},"5":{"name":"rejected","decl":{"start":{"line":6,"column":17},"end":{"line":6,"column":25}},"loc":{"start":{"line":6,"column":33},"end":{"line":6,"column":102}},"line":6},"6":{"name":"step","decl":{"start":{"line":7,"column":17},"end":{"line":7,"column":21}},"loc":{"start":{"line":7,"column":30},"end":{"line":7,"column":118}},"line":7},"7":{"name":"(anonymous_7)","decl":{"start":{"line":11,"column":56},"end":{"line":11,"column":57}},"loc":{"start":{"line":11,"column":71},"end":{"line":13,"column":1}},"line":11},"8":{"name":"(anonymous_8)","decl":{"start":{"line":19,"column":4},"end":{"line":19,"column":5}},"loc":{"start":{"line":19,"column":27},"end":{"line":23,"column":5}},"line":19},"9":{"name":"(anonymous_9)","decl":{"start":{"line":20,"column":47},"end":{"line":20,"column":48}},"loc":{"start":{"line":20,"column":60},"end":{"line":22,"column":9}},"line":20}},"branchMap":{"0":{"loc":{"start":{"line":2,"column":16},"end":{"line":10,"column":1}},"type":"binary-expr","locations":[{"start":{"line":2,"column":17},"end":{"line":2,"column":21}},{"start":{"line":2,"column":25},"end":{"line":2,"column":39}},{"start":{"line":2,"column":44},"end":{"line":10,"column":1}}],"line":2},"1":{"loc":{"start":{"line":3,"column":35},"end":{"line":3,"column":109}},"type":"cond-expr","locations":[{"start":{"line":3,"column":56},"end":{"line":3,"column":61}},{"start":{"line":3,"column":64},"end":{"line":3,"column":109}}],"line":3},"2":{"loc":{"start":{"line":4,"column":16},"end":{"line":4,"column":34}},"type":"binary-expr","locations":[{"start":{"line":4,"column":16},"end":{"line":4,"column":17}},{"start":{"line":4,"column":22},"end":{"line":4,"column":33}}],"line":4},"3":{"loc":{"start":{"line":7,"column":32},"end":{"line":7,"column":115}},"type":"cond-expr","locations":[{"start":{"line":7,"column":46},"end":{"line":7,"column":67}},{"start":{"line":7,"column":70},"end":{"line":7,"column":115}}],"line":7},"4":{"loc":{"start":{"line":8,"column":51},"end":{"line":8,"column":67}},"type":"binary-expr","locations":[{"start":{"line":8,"column":51},"end":{"line":8,"column":61}},{"start":{"line":8,"column":65},"end":{"line":8,"column":67}}],"line":8},"5":{"loc":{"start":{"line":11,"column":22},"end":{"line":13,"column":1}},"type":"binary-expr","locations":[{"start":{"line":11,"column":23},"end":{"line":11,"column":27}},{"start":{"line":11,"column":31},"end":{"line":11,"column":51}},{"start":{"line":11,"column":56},"end":{"line":13,"column":1}}],"line":11},"6":{"loc":{"start":{"line":12,"column":11},"end":{"line":12,"column":61}},"type":"cond-expr","locations":[{"start":{"line":12,"column":37},"end":{"line":12,"column":40}},{"start":{"line":12,"column":43},"end":{"line":12,"column":61}}],"line":12},"7":{"loc":{"start":{"line":12,"column":12},"end":{"line":12,"column":33}},"type":"binary-expr","locations":[{"start":{"line":12,"column":12},"end":{"line":12,"column":15}},{"start":{"line":12,"column":19},"end":{"line":12,"column":33}}],"line":12}},"s":{"0":1,"1":0,"2":0,"3":0,"4":0,"5":0,"6":0,"7":0,"8":0,"9":0,"10":0,"11":0,"12":1,"13":1,"14":1,"15":1,"16":1,"17":1,"18":0,"19":0,"20":1},"f":{"0":0,"1":0,"2":0,"3":0,"4":0,"5":0,"6":0,"7":1,"8":0,"9":0},"b":{"0":[1,0,1],"1":[0,0],"2":[0,0],"3":[0,0],"4":[0,0],"5":[1,0,1],"6":[0,1],"7":[1,1]},"_coverageSchema":"1a1c01bbd47fc00a2c39e90264f33305004495a9","hash":"c7ed530dbb5557d2730303834f7625a81a3fa6b6"}
,"/mnt/d/nerdery/rest/microblog/dist/services/token.service.js": {"path":"/mnt/d/nerdery/rest/microblog/dist/services/token.service.js","statementMap":{"0":{"start":{"line":2,"column":22},"end":{"line":12,"column":3}},"1":{"start":{"line":3,"column":4},"end":{"line":3,"column":33}},"2":{"start":{"line":3,"column":26},"end":{"line":3,"column":33}},"3":{"start":{"line":4,"column":15},"end":{"line":4,"column":52}},"4":{"start":{"line":5,"column":4},"end":{"line":7,"column":5}},"5":{"start":{"line":6,"column":6},"end":{"line":6,"column":68}},"6":{"start":{"line":6,"column":51},"end":{"line":6,"column":63}},"7":{"start":{"line":8,"column":4},"end":{"line":8,"column":39}},"8":{"start":{"line":10,"column":4},"end":{"line":10,"column":33}},"9":{"start":{"line":10,"column":26},"end":{"line":10,"column":33}},"10":{"start":{"line":11,"column":4},"end":{"line":11,"column":17}},"11":{"start":{"line":13,"column":25},"end":{"line":17,"column":2}},"12":{"start":{"line":14,"column":4},"end":{"line":14,"column":72}},"13":{"start":{"line":16,"column":4},"end":{"line":16,"column":21}},"14":{"start":{"line":18,"column":19},"end":{"line":24,"column":1}},"15":{"start":{"line":19,"column":4},"end":{"line":19,"column":42}},"16":{"start":{"line":19,"column":31},"end":{"line":19,"column":42}},"17":{"start":{"line":20,"column":17},"end":{"line":20,"column":19}},"18":{"start":{"line":21,"column":4},"end":{"line":21,"column":141}},"19":{"start":{"line":21,"column":21},"end":{"line":21,"column":141}},"20":{"start":{"line":21,"column":40},"end":{"line":21,"column":141}},"21":{"start":{"line":21,"column":109},"end":{"line":21,"column":141}},"22":{"start":{"line":22,"column":4},"end":{"line":22,"column":36}},"23":{"start":{"line":23,"column":4},"end":{"line":23,"column":18}},"24":{"start":{"line":25,"column":16},"end":{"line":33,"column":1}},"25":{"start":{"line":26,"column":28},"end":{"line":26,"column":110}},"26":{"start":{"line":26,"column":91},"end":{"line":26,"column":106}},"27":{"start":{"line":27,"column":4},"end":{"line":32,"column":7}},"28":{"start":{"line":28,"column":36},"end":{"line":28,"column":97}},"29":{"start":{"line":28,"column":42},"end":{"line":28,"column":70}},"30":{"start":{"line":28,"column":85},"end":{"line":28,"column":95}},"31":{"start":{"line":29,"column":35},"end":{"line":29,"column":100}},"32":{"start":{"line":29,"column":41},"end":{"line":29,"column":73}},"33":{"start":{"line":29,"column":88},"end":{"line":29,"column":98}},"34":{"start":{"line":30,"column":32},"end":{"line":30,"column":116}},"35":{"start":{"line":31,"column":8},"end":{"line":31,"column":78}},"36":{"start":{"line":34,"column":0},"end":{"line":34,"column":62}},"37":{"start":{"line":35,"column":0},"end":{"line":35,"column":30}},"38":{"start":{"line":36,"column":17},"end":{"line":36,"column":42}},"39":{"start":{"line":37,"column":23},"end":{"line":37,"column":46}},"40":{"start":{"line":38,"column":22},"end":{"line":38,"column":58}},"41":{"start":{"line":39,"column":17},"end":{"line":39,"column":37}},"42":{"start":{"line":40,"column":16},"end":{"line":40,"column":41}},"43":{"start":{"line":43,"column":8},"end":{"line":49,"column":11}},"44":{"start":{"line":44,"column":24},"end":{"line":44,"column":44}},"45":{"start":{"line":45,"column":24},"end":{"line":45,"column":69}},"46":{"start":{"line":46,"column":24},"end":{"line":46,"column":76}},"47":{"start":{"line":47,"column":26},"end":{"line":47,"column":77}},"48":{"start":{"line":48,"column":12},"end":{"line":48,"column":70}},"49":{"start":{"line":52,"column":8},"end":{"line":79,"column":11}},"50":{"start":{"line":53,"column":12},"end":{"line":78,"column":13}},"51":{"start":{"line":54,"column":36},"end":{"line":59,"column":18}},"52":{"start":{"line":60,"column":16},"end":{"line":60,"column":35}},"53":{"start":{"line":63,"column":16},"end":{"line":76,"column":17}},"54":{"start":{"line":64,"column":20},"end":{"line":75,"column":21}},"55":{"start":{"line":66,"column":28},"end":{"line":66,"column":79}},"56":{"start":{"line":68,"column":28},"end":{"line":70,"column":29}},"57":{"start":{"line":69,"column":32},"end":{"line":69,"column":99}},"58":{"start":{"line":71,"column":28},"end":{"line":71,"column":116}},"59":{"start":{"line":74,"column":28},"end":{"line":74,"column":40}},"60":{"start":{"line":77,"column":16},"end":{"line":77,"column":28}},"61":{"start":{"line":82,"column":0},"end":{"line":82,"column":36}}},"fnMap":{"0":{"name":"(anonymous_0)","decl":{"start":{"line":2,"column":74},"end":{"line":2,"column":75}},"loc":{"start":{"line":2,"column":96},"end":{"line":9,"column":1}},"line":2},"1":{"name":"(anonymous_1)","decl":{"start":{"line":6,"column":38},"end":{"line":6,"column":39}},"loc":{"start":{"line":6,"column":49},"end":{"line":6,"column":65}},"line":6},"2":{"name":"(anonymous_2)","decl":{"start":{"line":9,"column":6},"end":{"line":9,"column":7}},"loc":{"start":{"line":9,"column":28},"end":{"line":12,"column":1}},"line":9},"3":{"name":"(anonymous_3)","decl":{"start":{"line":13,"column":80},"end":{"line":13,"column":81}},"loc":{"start":{"line":13,"column":95},"end":{"line":15,"column":1}},"line":13},"4":{"name":"(anonymous_4)","decl":{"start":{"line":15,"column":5},"end":{"line":15,"column":6}},"loc":{"start":{"line":15,"column":20},"end":{"line":17,"column":1}},"line":15},"5":{"name":"(anonymous_5)","decl":{"start":{"line":18,"column":50},"end":{"line":18,"column":51}},"loc":{"start":{"line":18,"column":65},"end":{"line":24,"column":1}},"line":18},"6":{"name":"(anonymous_6)","decl":{"start":{"line":25,"column":44},"end":{"line":25,"column":45}},"loc":{"start":{"line":25,"column":89},"end":{"line":33,"column":1}},"line":25},"7":{"name":"adopt","decl":{"start":{"line":26,"column":13},"end":{"line":26,"column":18}},"loc":{"start":{"line":26,"column":26},"end":{"line":26,"column":112}},"line":26},"8":{"name":"(anonymous_8)","decl":{"start":{"line":26,"column":70},"end":{"line":26,"column":71}},"loc":{"start":{"line":26,"column":89},"end":{"line":26,"column":108}},"line":26},"9":{"name":"(anonymous_9)","decl":{"start":{"line":27,"column":36},"end":{"line":27,"column":37}},"loc":{"start":{"line":27,"column":63},"end":{"line":32,"column":5}},"line":27},"10":{"name":"fulfilled","decl":{"start":{"line":28,"column":17},"end":{"line":28,"column":26}},"loc":{"start":{"line":28,"column":34},"end":{"line":28,"column":99}},"line":28},"11":{"name":"rejected","decl":{"start":{"line":29,"column":17},"end":{"line":29,"column":25}},"loc":{"start":{"line":29,"column":33},"end":{"line":29,"column":102}},"line":29},"12":{"name":"step","decl":{"start":{"line":30,"column":17},"end":{"line":30,"column":21}},"loc":{"start":{"line":30,"column":30},"end":{"line":30,"column":118}},"line":30},"13":{"name":"(anonymous_13)","decl":{"start":{"line":42,"column":4},"end":{"line":42,"column":5}},"loc":{"start":{"line":42,"column":177},"end":{"line":50,"column":5}},"line":42},"14":{"name":"(anonymous_14)","decl":{"start":{"line":43,"column":47},"end":{"line":43,"column":48}},"loc":{"start":{"line":43,"column":60},"end":{"line":49,"column":9}},"line":43},"15":{"name":"(anonymous_15)","decl":{"start":{"line":51,"column":4},"end":{"line":51,"column":5}},"loc":{"start":{"line":51,"column":47},"end":{"line":80,"column":5}},"line":51},"16":{"name":"(anonymous_16)","decl":{"start":{"line":52,"column":47},"end":{"line":52,"column":48}},"loc":{"start":{"line":52,"column":60},"end":{"line":79,"column":9}},"line":52}},"branchMap":{"0":{"loc":{"start":{"line":2,"column":22},"end":{"line":12,"column":3}},"type":"binary-expr","locations":[{"start":{"line":2,"column":23},"end":{"line":2,"column":27}},{"start":{"line":2,"column":31},"end":{"line":2,"column":51}},{"start":{"line":2,"column":57},"end":{"line":12,"column":2}}],"line":2},"1":{"loc":{"start":{"line":2,"column":57},"end":{"line":12,"column":2}},"type":"cond-expr","locations":[{"start":{"line":2,"column":74},"end":{"line":9,"column":1}},{"start":{"line":9,"column":6},"end":{"line":12,"column":1}}],"line":2},"2":{"loc":{"start":{"line":3,"column":4},"end":{"line":3,"column":33}},"type":"if","locations":[{"start":{"line":3,"column":4},"end":{"line":3,"column":33}},{"start":{},"end":{}}],"line":3},"3":{"loc":{"start":{"line":5,"column":4},"end":{"line":7,"column":5}},"type":"if","locations":[{"start":{"line":5,"column":4},"end":{"line":7,"column":5}},{"start":{},"end":{}}],"line":5},"4":{"loc":{"start":{"line":5,"column":8},"end":{"line":5,"column":85}},"type":"binary-expr","locations":[{"start":{"line":5,"column":8},"end":{"line":5,"column":13}},{"start":{"line":5,"column":18},"end":{"line":5,"column":84}}],"line":5},"5":{"loc":{"start":{"line":5,"column":18},"end":{"line":5,"column":84}},"type":"cond-expr","locations":[{"start":{"line":5,"column":34},"end":{"line":5,"column":47}},{"start":{"line":5,"column":50},"end":{"line":5,"column":84}}],"line":5},"6":{"loc":{"start":{"line":5,"column":50},"end":{"line":5,"column":84}},"type":"binary-expr","locations":[{"start":{"line":5,"column":50},"end":{"line":5,"column":63}},{"start":{"line":5,"column":67},"end":{"line":5,"column":84}}],"line":5},"7":{"loc":{"start":{"line":10,"column":4},"end":{"line":10,"column":33}},"type":"if","locations":[{"start":{"line":10,"column":4},"end":{"line":10,"column":33}},{"start":{},"end":{}}],"line":10},"8":{"loc":{"start":{"line":13,"column":25},"end":{"line":17,"column":2}},"type":"binary-expr","locations":[{"start":{"line":13,"column":26},"end":{"line":13,"column":30}},{"start":{"line":13,"column":34},"end":{"line":13,"column":57}},{"start":{"line":13,"column":63},"end":{"line":17,"column":1}}],"line":13},"9":{"loc":{"start":{"line":13,"column":63},"end":{"line":17,"column":1}},"type":"cond-expr","locations":[{"start":{"line":13,"column":80},"end":{"line":15,"column":1}},{"start":{"line":15,"column":5},"end":{"line":17,"column":1}}],"line":13},"10":{"loc":{"start":{"line":18,"column":19},"end":{"line":24,"column":1}},"type":"binary-expr","locations":[{"start":{"line":18,"column":20},"end":{"line":18,"column":24}},{"start":{"line":18,"column":28},"end":{"line":18,"column":45}},{"start":{"line":18,"column":50},"end":{"line":24,"column":1}}],"line":18},"11":{"loc":{"start":{"line":19,"column":4},"end":{"line":19,"column":42}},"type":"if","locations":[{"start":{"line":19,"column":4},"end":{"line":19,"column":42}},{"start":{},"end":{}}],"line":19},"12":{"loc":{"start":{"line":19,"column":8},"end":{"line":19,"column":29}},"type":"binary-expr","locations":[{"start":{"line":19,"column":8},"end":{"line":19,"column":11}},{"start":{"line":19,"column":15},"end":{"line":19,"column":29}}],"line":19},"13":{"loc":{"start":{"line":21,"column":4},"end":{"line":21,"column":141}},"type":"if","locations":[{"start":{"line":21,"column":4},"end":{"line":21,"column":141}},{"start":{},"end":{}}],"line":21},"14":{"loc":{"start":{"line":21,"column":40},"end":{"line":21,"column":141}},"type":"if","locations":[{"start":{"line":21,"column":40},"end":{"line":21,"column":141}},{"start":{},"end":{}}],"line":21},"15":{"loc":{"start":{"line":21,"column":44},"end":{"line":21,"column":107}},"type":"binary-expr","locations":[{"start":{"line":21,"column":44},"end":{"line":21,"column":59}},{"start":{"line":21,"column":63},"end":{"line":21,"column":107}}],"line":21},"16":{"loc":{"start":{"line":25,"column":16},"end":{"line":33,"column":1}},"type":"binary-expr","locations":[{"start":{"line":25,"column":17},"end":{"line":25,"column":21}},{"start":{"line":25,"column":25},"end":{"line":25,"column":39}},{"start":{"line":25,"column":44},"end":{"line":33,"column":1}}],"line":25},"17":{"loc":{"start":{"line":26,"column":35},"end":{"line":26,"column":109}},"type":"cond-expr","locations":[{"start":{"line":26,"column":56},"end":{"line":26,"column":61}},{"start":{"line":26,"column":64},"end":{"line":26,"column":109}}],"line":26},"18":{"loc":{"start":{"line":27,"column":16},"end":{"line":27,"column":34}},"type":"binary-expr","locations":[{"start":{"line":27,"column":16},"end":{"line":27,"column":17}},{"start":{"line":27,"column":22},"end":{"line":27,"column":33}}],"line":27},"19":{"loc":{"start":{"line":30,"column":32},"end":{"line":30,"column":115}},"type":"cond-expr","locations":[{"start":{"line":30,"column":46},"end":{"line":30,"column":67}},{"start":{"line":30,"column":70},"end":{"line":30,"column":115}}],"line":30},"20":{"loc":{"start":{"line":31,"column":51},"end":{"line":31,"column":67}},"type":"binary-expr","locations":[{"start":{"line":31,"column":51},"end":{"line":31,"column":61}},{"start":{"line":31,"column":65},"end":{"line":31,"column":67}}],"line":31},"21":{"loc":{"start":{"line":42,"column":36},"end":{"line":42,"column":81}},"type":"default-arg","locations":[{"start":{"line":42,"column":47},"end":{"line":42,"column":81}}],"line":42},"22":{"loc":{"start":{"line":42,"column":83},"end":{"line":42,"column":142}},"type":"default-arg","locations":[{"start":{"line":42,"column":103},"end":{"line":42,"column":142}}],"line":42},"23":{"loc":{"start":{"line":42,"column":144},"end":{"line":42,"column":175}},"type":"default-arg","locations":[{"start":{"line":42,"column":153},"end":{"line":42,"column":175}}],"line":42},"24":{"loc":{"start":{"line":63,"column":16},"end":{"line":76,"column":17}},"type":"if","locations":[{"start":{"line":63,"column":16},"end":{"line":76,"column":17}},{"start":{},"end":{}}],"line":63},"25":{"loc":{"start":{"line":64,"column":20},"end":{"line":75,"column":21}},"type":"switch","locations":[{"start":{"line":65,"column":24},"end":{"line":66,"column":79}},{"start":{"line":67,"column":24},"end":{"line":72,"column":25}},{"start":{"line":73,"column":24},"end":{"line":74,"column":40}}],"line":64},"26":{"loc":{"start":{"line":68,"column":28},"end":{"line":70,"column":29}},"type":"if","locations":[{"start":{"line":68,"column":28},"end":{"line":70,"column":29}},{"start":{},"end":{}}],"line":68}},"s":{"0":1,"1":84,"2":84,"3":84,"4":84,"5":84,"6":1,"7":84,"8":0,"9":0,"10":0,"11":1,"12":1,"13":0,"14":1,"15":1,"16":0,"17":1,"18":1,"19":1,"20":84,"21":84,"22":1,"23":1,"24":1,"25":15,"26":9,"27":15,"28":12,"29":12,"30":0,"31":3,"32":3,"33":3,"34":27,"35":15,"36":1,"37":1,"38":1,"39":1,"40":1,"41":1,"42":1,"43":6,"44":6,"45":6,"46":6,"47":6,"48":6,"49":9,"50":9,"51":9,"52":6,"53":3,"54":3,"55":1,"56":2,"57":1,"58":1,"59":0,"60":0,"61":1},"f":{"0":84,"1":1,"2":0,"3":1,"4":0,"5":1,"6":15,"7":15,"8":9,"9":15,"10":12,"11":3,"12":27,"13":6,"14":6,"15":9,"16":9},"b":{"0":[1,0,1],"1":[1,0],"2":[84,0],"3":[84,0],"4":[84,84],"5":[0,84],"6":[84,0],"7":[0,0],"8":[1,0,1],"9":[1,0],"10":[1,0,1],"11":[0,1],"12":[1,1],"13":[1,0],"14":[84,0],"15":[84,84],"16":[1,0,1],"17":[6,9],"18":[15,15],"19":[12,15],"20":[15,15],"21":[4],"22":[5],"23":[6],"24":[3,0],"25":[1,2,0],"26":[1,1]},"_coverageSchema":"1a1c01bbd47fc00a2c39e90264f33305004495a9","hash":"3e37087b78048e5e0169597004397018e225f198"}
,"/mnt/d/nerdery/rest/microblog/dist/utils/enums.js": {"path":"/mnt/d/nerdery/rest/microblog/dist/utils/enums.js","statementMap":{"0":{"start":{"line":2,"column":0},"end":{"line":2,"column":62}},"1":{"start":{"line":3,"column":0},"end":{"line":3,"column":70}},"2":{"start":{"line":5,"column":0},"end":{"line":10,"column":71}},"3":{"start":{"line":6,"column":4},"end":{"line":6,"column":41}},"4":{"start":{"line":7,"column":4},"end":{"line":7,"column":53}},"5":{"start":{"line":8,"column":4},"end":{"line":8,"column":40}},"6":{"start":{"line":9,"column":4},"end":{"line":9,"column":44}},"7":{"start":{"line":12,"column":0},"end":{"line":15,"column":74}},"8":{"start":{"line":13,"column":4},"end":{"line":13,"column":55}},"9":{"start":{"line":14,"column":4},"end":{"line":14,"column":51}},"10":{"start":{"line":17,"column":0},"end":{"line":20,"column":50}},"11":{"start":{"line":18,"column":4},"end":{"line":18,"column":27}},"12":{"start":{"line":19,"column":4},"end":{"line":19,"column":33}}},"fnMap":{"0":{"name":"(anonymous_0)","decl":{"start":{"line":5,"column":1},"end":{"line":5,"column":2}},"loc":{"start":{"line":5,"column":25},"end":{"line":10,"column":1}},"line":5},"1":{"name":"(anonymous_1)","decl":{"start":{"line":12,"column":1},"end":{"line":12,"column":2}},"loc":{"start":{"line":12,"column":26},"end":{"line":15,"column":1}},"line":12},"2":{"name":"(anonymous_2)","decl":{"start":{"line":17,"column":1},"end":{"line":17,"column":2}},"loc":{"start":{"line":17,"column":18},"end":{"line":20,"column":1}},"line":17}},"branchMap":{"0":{"loc":{"start":{"line":10,"column":18},"end":{"line":10,"column":69}},"type":"binary-expr","locations":[{"start":{"line":10,"column":18},"end":{"line":10,"column":38}},{"start":{"line":10,"column":43},"end":{"line":10,"column":68}}],"line":10},"1":{"loc":{"start":{"line":15,"column":19},"end":{"line":15,"column":72}},"type":"binary-expr","locations":[{"start":{"line":15,"column":19},"end":{"line":15,"column":40}},{"start":{"line":15,"column":45},"end":{"line":15,"column":71}}],"line":15},"2":{"loc":{"start":{"line":20,"column":11},"end":{"line":20,"column":48}},"type":"binary-expr","locations":[{"start":{"line":20,"column":11},"end":{"line":20,"column":24}},{"start":{"line":20,"column":29},"end":{"line":20,"column":47}}],"line":20}},"s":{"0":1,"1":1,"2":1,"3":1,"4":1,"5":1,"6":1,"7":1,"8":1,"9":1,"10":1,"11":1,"12":1},"f":{"0":1,"1":1,"2":1},"b":{"0":[1,1],"1":[1,1],"2":[1,1]},"_coverageSchema":"1a1c01bbd47fc00a2c39e90264f33305004495a9","hash":"2744af1dec49a08b5443b1fffe1b03244bd0a72b"}
,"/mnt/d/nerdery/rest/microblog/dist/utils/factories/abstract.factory.js": {"path":"/mnt/d/nerdery/rest/microblog/dist/utils/factories/abstract.factory.js","statementMap":{"0":{"start":{"line":2,"column":0},"end":{"line":2,"column":62}},"1":{"start":{"line":3,"column":0},"end":{"line":3,"column":25}},"2":{"start":{"line":6,"column":0},"end":{"line":6,"column":26}}},"fnMap":{},"branchMap":{},"s":{"0":1,"1":1,"2":1},"f":{},"b":{},"_coverageSchema":"1a1c01bbd47fc00a2c39e90264f33305004495a9","hash":"96a5cab40bc2e9456f97b4ae222d11ef2c63e7b8"}
,"/mnt/d/nerdery/rest/microblog/dist/utils/factories/token.factory.js": {"path":"/mnt/d/nerdery/rest/microblog/dist/utils/factories/token.factory.js","statementMap":{"0":{"start":{"line":2,"column":16},"end":{"line":10,"column":1}},"1":{"start":{"line":3,"column":28},"end":{"line":3,"column":110}},"2":{"start":{"line":3,"column":91},"end":{"line":3,"column":106}},"3":{"start":{"line":4,"column":4},"end":{"line":9,"column":7}},"4":{"start":{"line":5,"column":36},"end":{"line":5,"column":97}},"5":{"start":{"line":5,"column":42},"end":{"line":5,"column":70}},"6":{"start":{"line":5,"column":85},"end":{"line":5,"column":95}},"7":{"start":{"line":6,"column":35},"end":{"line":6,"column":100}},"8":{"start":{"line":6,"column":41},"end":{"line":6,"column":73}},"9":{"start":{"line":6,"column":88},"end":{"line":6,"column":98}},"10":{"start":{"line":7,"column":32},"end":{"line":7,"column":116}},"11":{"start":{"line":8,"column":8},"end":{"line":8,"column":78}},"12":{"start":{"line":11,"column":0},"end":{"line":11,"column":62}},"13":{"start":{"line":12,"column":0},"end":{"line":12,"column":30}},"14":{"start":{"line":13,"column":17},"end":{"line":13,"column":40}},"15":{"start":{"line":14,"column":27},"end":{"line":14,"column":56}},"16":{"start":{"line":17,"column":8},"end":{"line":21,"column":11}},"17":{"start":{"line":18,"column":12},"end":{"line":20,"column":15}},"18":{"start":{"line":24,"column":8},"end":{"line":26,"column":11}},"19":{"start":{"line":25,"column":12},"end":{"line":25,"column":77}},"20":{"start":{"line":25,"column":58},"end":{"line":25,"column":74}},"21":{"start":{"line":29,"column":0},"end":{"line":29,"column":36}}},"fnMap":{"0":{"name":"(anonymous_0)","decl":{"start":{"line":2,"column":44},"end":{"line":2,"column":45}},"loc":{"start":{"line":2,"column":89},"end":{"line":10,"column":1}},"line":2},"1":{"name":"adopt","decl":{"start":{"line":3,"column":13},"end":{"line":3,"column":18}},"loc":{"start":{"line":3,"column":26},"end":{"line":3,"column":112}},"line":3},"2":{"name":"(anonymous_2)","decl":{"start":{"line":3,"column":70},"end":{"line":3,"column":71}},"loc":{"start":{"line":3,"column":89},"end":{"line":3,"column":108}},"line":3},"3":{"name":"(anonymous_3)","decl":{"start":{"line":4,"column":36},"end":{"line":4,"column":37}},"loc":{"start":{"line":4,"column":63},"end":{"line":9,"column":5}},"line":4},"4":{"name":"fulfilled","decl":{"start":{"line":5,"column":17},"end":{"line":5,"column":26}},"loc":{"start":{"line":5,"column":34},"end":{"line":5,"column":99}},"line":5},"5":{"name":"rejected","decl":{"start":{"line":6,"column":17},"end":{"line":6,"column":25}},"loc":{"start":{"line":6,"column":33},"end":{"line":6,"column":102}},"line":6},"6":{"name":"step","decl":{"start":{"line":7,"column":17},"end":{"line":7,"column":21}},"loc":{"start":{"line":7,"column":30},"end":{"line":7,"column":118}},"line":7},"7":{"name":"(anonymous_7)","decl":{"start":{"line":16,"column":4},"end":{"line":16,"column":5}},"loc":{"start":{"line":16,"column":16},"end":{"line":22,"column":5}},"line":16},"8":{"name":"(anonymous_8)","decl":{"start":{"line":17,"column":47},"end":{"line":17,"column":48}},"loc":{"start":{"line":17,"column":60},"end":{"line":21,"column":9}},"line":17},"9":{"name":"(anonymous_9)","decl":{"start":{"line":23,"column":4},"end":{"line":23,"column":5}},"loc":{"start":{"line":23,"column":31},"end":{"line":27,"column":5}},"line":23},"10":{"name":"(anonymous_10)","decl":{"start":{"line":24,"column":47},"end":{"line":24,"column":48}},"loc":{"start":{"line":24,"column":60},"end":{"line":26,"column":9}},"line":24},"11":{"name":"(anonymous_11)","decl":{"start":{"line":25,"column":52},"end":{"line":25,"column":53}},"loc":{"start":{"line":25,"column":58},"end":{"line":25,"column":74}},"line":25}},"branchMap":{"0":{"loc":{"start":{"line":2,"column":16},"end":{"line":10,"column":1}},"type":"binary-expr","locations":[{"start":{"line":2,"column":17},"end":{"line":2,"column":21}},{"start":{"line":2,"column":25},"end":{"line":2,"column":39}},{"start":{"line":2,"column":44},"end":{"line":10,"column":1}}],"line":2},"1":{"loc":{"start":{"line":3,"column":35},"end":{"line":3,"column":109}},"type":"cond-expr","locations":[{"start":{"line":3,"column":56},"end":{"line":3,"column":61}},{"start":{"line":3,"column":64},"end":{"line":3,"column":109}}],"line":3},"2":{"loc":{"start":{"line":4,"column":16},"end":{"line":4,"column":34}},"type":"binary-expr","locations":[{"start":{"line":4,"column":16},"end":{"line":4,"column":17}},{"start":{"line":4,"column":22},"end":{"line":4,"column":33}}],"line":4},"3":{"loc":{"start":{"line":7,"column":32},"end":{"line":7,"column":115}},"type":"cond-expr","locations":[{"start":{"line":7,"column":46},"end":{"line":7,"column":67}},{"start":{"line":7,"column":70},"end":{"line":7,"column":115}}],"line":7},"4":{"loc":{"start":{"line":8,"column":51},"end":{"line":8,"column":67}},"type":"binary-expr","locations":[{"start":{"line":8,"column":51},"end":{"line":8,"column":61}},{"start":{"line":8,"column":65},"end":{"line":8,"column":67}}],"line":8}},"s":{"0":1,"1":0,"2":0,"3":1,"4":0,"5":0,"6":0,"7":0,"8":0,"9":0,"10":1,"11":1,"12":1,"13":1,"14":1,"15":1,"16":1,"17":1,"18":0,"19":0,"20":0,"21":1},"f":{"0":1,"1":0,"2":0,"3":1,"4":0,"5":0,"6":1,"7":1,"8":1,"9":0,"10":0,"11":0},"b":{"0":[1,0,1],"1":[0,0],"2":[1,1],"3":[1,0],"4":[1,1]},"_coverageSchema":"1a1c01bbd47fc00a2c39e90264f33305004495a9","hash":"b981b886970f23a4c13b583e93fd0829e2abea16"}
,"/mnt/d/nerdery/rest/microblog/dist/utils/factories/user.factory.js": {"path":"/mnt/d/nerdery/rest/microblog/dist/utils/factories/user.factory.js","statementMap":{"0":{"start":{"line":2,"column":16},"end":{"line":10,"column":1}},"1":{"start":{"line":3,"column":28},"end":{"line":3,"column":110}},"2":{"start":{"line":3,"column":91},"end":{"line":3,"column":106}},"3":{"start":{"line":4,"column":4},"end":{"line":9,"column":7}},"4":{"start":{"line":5,"column":36},"end":{"line":5,"column":97}},"5":{"start":{"line":5,"column":42},"end":{"line":5,"column":70}},"6":{"start":{"line":5,"column":85},"end":{"line":5,"column":95}},"7":{"start":{"line":6,"column":35},"end":{"line":6,"column":100}},"8":{"start":{"line":6,"column":41},"end":{"line":6,"column":73}},"9":{"start":{"line":6,"column":88},"end":{"line":6,"column":98}},"10":{"start":{"line":7,"column":32},"end":{"line":7,"column":116}},"11":{"start":{"line":8,"column":8},"end":{"line":8,"column":78}},"12":{"start":{"line":11,"column":0},"end":{"line":11,"column":62}},"13":{"start":{"line":12,"column":0},"end":{"line":12,"column":29}},"14":{"start":{"line":13,"column":16},"end":{"line":13,"column":42}},"15":{"start":{"line":14,"column":19},"end":{"line":14,"column":38}},"16":{"start":{"line":15,"column":17},"end":{"line":15,"column":40}},"17":{"start":{"line":16,"column":27},"end":{"line":16,"column":56}},"18":{"start":{"line":20,"column":8},"end":{"line":29,"column":11}},"19":{"start":{"line":21,"column":12},"end":{"line":28,"column":15}},"20":{"start":{"line":32,"column":8},"end":{"line":34,"column":11}},"21":{"start":{"line":33,"column":12},"end":{"line":33,"column":72}},"22":{"start":{"line":33,"column":58},"end":{"line":33,"column":69}},"23":{"start":{"line":37,"column":0},"end":{"line":37,"column":34}}},"fnMap":{"0":{"name":"(anonymous_0)","decl":{"start":{"line":2,"column":44},"end":{"line":2,"column":45}},"loc":{"start":{"line":2,"column":89},"end":{"line":10,"column":1}},"line":2},"1":{"name":"adopt","decl":{"start":{"line":3,"column":13},"end":{"line":3,"column":18}},"loc":{"start":{"line":3,"column":26},"end":{"line":3,"column":112}},"line":3},"2":{"name":"(anonymous_2)","decl":{"start":{"line":3,"column":70},"end":{"line":3,"column":71}},"loc":{"start":{"line":3,"column":89},"end":{"line":3,"column":108}},"line":3},"3":{"name":"(anonymous_3)","decl":{"start":{"line":4,"column":36},"end":{"line":4,"column":37}},"loc":{"start":{"line":4,"column":63},"end":{"line":9,"column":5}},"line":4},"4":{"name":"fulfilled","decl":{"start":{"line":5,"column":17},"end":{"line":5,"column":26}},"loc":{"start":{"line":5,"column":34},"end":{"line":5,"column":99}},"line":5},"5":{"name":"rejected","decl":{"start":{"line":6,"column":17},"end":{"line":6,"column":25}},"loc":{"start":{"line":6,"column":33},"end":{"line":6,"column":102}},"line":6},"6":{"name":"step","decl":{"start":{"line":7,"column":17},"end":{"line":7,"column":21}},"loc":{"start":{"line":7,"column":30},"end":{"line":7,"column":118}},"line":7},"7":{"name":"(anonymous_7)","decl":{"start":{"line":18,"column":4},"end":{"line":18,"column":5}},"loc":{"start":{"line":18,"column":21},"end":{"line":30,"column":5}},"line":18},"8":{"name":"(anonymous_8)","decl":{"start":{"line":20,"column":47},"end":{"line":20,"column":48}},"loc":{"start":{"line":20,"column":60},"end":{"line":29,"column":9}},"line":20},"9":{"name":"(anonymous_9)","decl":{"start":{"line":31,"column":4},"end":{"line":31,"column":5}},"loc":{"start":{"line":31,"column":24},"end":{"line":35,"column":5}},"line":31},"10":{"name":"(anonymous_10)","decl":{"start":{"line":32,"column":47},"end":{"line":32,"column":48}},"loc":{"start":{"line":32,"column":60},"end":{"line":34,"column":9}},"line":32},"11":{"name":"(anonymous_11)","decl":{"start":{"line":33,"column":52},"end":{"line":33,"column":53}},"loc":{"start":{"line":33,"column":58},"end":{"line":33,"column":69}},"line":33}},"branchMap":{"0":{"loc":{"start":{"line":2,"column":16},"end":{"line":10,"column":1}},"type":"binary-expr","locations":[{"start":{"line":2,"column":17},"end":{"line":2,"column":21}},{"start":{"line":2,"column":25},"end":{"line":2,"column":39}},{"start":{"line":2,"column":44},"end":{"line":10,"column":1}}],"line":2},"1":{"loc":{"start":{"line":3,"column":35},"end":{"line":3,"column":109}},"type":"cond-expr","locations":[{"start":{"line":3,"column":56},"end":{"line":3,"column":61}},{"start":{"line":3,"column":64},"end":{"line":3,"column":109}}],"line":3},"2":{"loc":{"start":{"line":4,"column":16},"end":{"line":4,"column":34}},"type":"binary-expr","locations":[{"start":{"line":4,"column":16},"end":{"line":4,"column":17}},{"start":{"line":4,"column":22},"end":{"line":4,"column":33}}],"line":4},"3":{"loc":{"start":{"line":7,"column":32},"end":{"line":7,"column":115}},"type":"cond-expr","locations":[{"start":{"line":7,"column":46},"end":{"line":7,"column":67}},{"start":{"line":7,"column":70},"end":{"line":7,"column":115}}],"line":7},"4":{"loc":{"start":{"line":8,"column":51},"end":{"line":8,"column":67}},"type":"binary-expr","locations":[{"start":{"line":8,"column":51},"end":{"line":8,"column":61}},{"start":{"line":8,"column":65},"end":{"line":8,"column":67}}],"line":8},"5":{"loc":{"start":{"line":18,"column":9},"end":{"line":18,"column":19}},"type":"default-arg","locations":[{"start":{"line":18,"column":17},"end":{"line":18,"column":19}}],"line":18},"6":{"loc":{"start":{"line":23,"column":32},"end":{"line":23,"column":119}},"type":"cond-expr","locations":[{"start":{"line":23,"column":84},"end":{"line":23,"column":86}},{"start":{"line":23,"column":89},"end":{"line":23,"column":119}}],"line":23},"7":{"loc":{"start":{"line":23,"column":32},"end":{"line":23,"column":81}},"type":"binary-expr","locations":[{"start":{"line":23,"column":32},"end":{"line":23,"column":64}},{"start":{"line":23,"column":68},"end":{"line":23,"column":81}}],"line":23},"8":{"loc":{"start":{"line":24,"column":31},"end":{"line":24,"column":116}},"type":"cond-expr","locations":[{"start":{"line":24,"column":82},"end":{"line":24,"column":84}},{"start":{"line":24,"column":87},"end":{"line":24,"column":116}}],"line":24},"9":{"loc":{"start":{"line":24,"column":31},"end":{"line":24,"column":79}},"type":"binary-expr","locations":[{"start":{"line":24,"column":31},"end":{"line":24,"column":62}},{"start":{"line":24,"column":66},"end":{"line":24,"column":79}}],"line":24},"10":{"loc":{"start":{"line":25,"column":27},"end":{"line":25,"column":109}},"type":"cond-expr","locations":[{"start":{"line":25,"column":74},"end":{"line":25,"column":76}},{"start":{"line":25,"column":79},"end":{"line":25,"column":109}}],"line":25},"11":{"loc":{"start":{"line":25,"column":27},"end":{"line":25,"column":71}},"type":"binary-expr","locations":[{"start":{"line":25,"column":27},"end":{"line":25,"column":54}},{"start":{"line":25,"column":58},"end":{"line":25,"column":71}}],"line":25},"12":{"loc":{"start":{"line":26,"column":55},"end":{"line":26,"column":143}},"type":"cond-expr","locations":[{"start":{"line":26,"column":105},"end":{"line":26,"column":107}},{"start":{"line":26,"column":110},"end":{"line":26,"column":143}}],"line":26},"13":{"loc":{"start":{"line":26,"column":55},"end":{"line":26,"column":102}},"type":"binary-expr","locations":[{"start":{"line":26,"column":55},"end":{"line":26,"column":85}},{"start":{"line":26,"column":89},"end":{"line":26,"column":102}}],"line":26}},"s":{"0":1,"1":0,"2":0,"3":7,"4":0,"5":0,"6":0,"7":0,"8":0,"9":0,"10":7,"11":7,"12":1,"13":1,"14":1,"15":1,"16":1,"17":1,"18":7,"19":7,"20":0,"21":0,"22":0,"23":1},"f":{"0":7,"1":0,"2":0,"3":7,"4":0,"5":0,"6":7,"7":7,"8":7,"9":0,"10":0,"11":0},"b":{"0":[1,0,1],"1":[0,0],"2":[7,7],"3":[7,0],"4":[7,7],"5":[5],"6":[0,7],"7":[7,7],"8":[0,7],"9":[7,7],"10":[1,6],"11":[7,7],"12":[2,5],"13":[7,7]},"_coverageSchema":"1a1c01bbd47fc00a2c39e90264f33305004495a9","hash":"3fc2271df158876a706042c2aec93d06fe9adc22"}
}
