TN:
SF:dist/prisma.js
FN:2,(anonymous_0)
FN:3,adopt
FN:3,(anonymous_2)
FN:4,(anonymous_3)
FN:5,fulfilled
FN:6,rejected
FN:7,step
FN:15,clearDatabase
FN:16,(anonymous_8)
FN:18,(anonymous_9)
FN:18,(anonymous_10)
FNF:11
FNH:10
FNDA:9,(anonymous_0)
FNDA:8,adopt
FNDA:8,(anonymous_2)
FNDA:9,(anonymous_3)
FNDA:8,fulfilled
FNDA:0,rejected
FNDA:17,step
FNDA:1,clearDatabase
FNDA:1,(anonymous_8)
FNDA:8,(anonymous_9)
FNDA:8,(anonymous_10)
DA:2,1
DA:3,8
DA:4,9
DA:5,8
DA:6,0
DA:7,17
DA:8,9
DA:11,1
DA:12,1
DA:13,1
DA:14,1
DA:16,1
DA:17,1
DA:18,8
DA:19,8
DA:20,7
DA:21,7
DA:24,0
DA:30,1
LF:19
LH:17
BRDA:2,0,0,1
BRDA:2,0,1,0
BRDA:2,0,2,1
BRDA:3,1,0,0
BRDA:3,1,1,8
BRDA:4,2,0,9
BRDA:4,2,1,9
BRDA:7,3,0,9
BRDA:7,3,1,8
BRDA:8,4,0,9
BRDA:8,4,1,9
BRDA:15,5,0,1
BRDA:19,6,0,7
BRDA:19,6,1,1
BRF:14
BRH:12
end_of_record
TN:
SF:dist/dtos/base.dto.js
FN:2,(anonymous_0)
FN:6,(anonymous_1)
FN:9,(anonymous_2)
FN:13,(anonymous_3)
FN:15,(anonymous_4)
FN:18,(anonymous_5)
FN:25,(anonymous_6)
FN:26,adopt
FN:26,(anonymous_8)
FN:27,(anonymous_9)
FN:28,fulfilled
FN:29,rejected
FN:30,step
FN:39,(anonymous_13)
FN:40,(anonymous_14)
FN:51,(anonymous_15)
FN:53,(anonymous_16)
FNF:17
FNH:3
FNDA:84,(anonymous_0)
FNDA:0,(anonymous_1)
FNDA:0,(anonymous_2)
FNDA:1,(anonymous_3)
FNDA:0,(anonymous_4)
FNDA:1,(anonymous_5)
FNDA:0,(anonymous_6)
FNDA:0,adopt
FNDA:0,(anonymous_8)
FNDA:0,(anonymous_9)
FNDA:0,fulfilled
FNDA:0,rejected
FNDA:0,step
FNDA:0,(anonymous_13)
FNDA:0,(anonymous_14)
FNDA:0,(anonymous_15)
FNDA:0,(anonymous_16)
DA:2,1
DA:3,84
DA:4,84
DA:5,84
DA:6,84
DA:8,84
DA:10,0
DA:11,0
DA:13,1
DA:14,1
DA:16,0
DA:18,1
DA:19,1
DA:20,1
DA:21,84
DA:22,1
DA:23,1
DA:25,1
DA:26,0
DA:27,0
DA:28,0
DA:29,0
DA:30,0
DA:31,0
DA:34,1
DA:35,1
DA:36,1
DA:37,1
DA:40,0
DA:41,0
DA:42,0
DA:43,0
DA:44,0
DA:48,0
DA:52,0
DA:55,0
DA:56,0
DA:61,0
DA:66,1
LF:39
LH:20
BRDA:2,0,0,1
BRDA:2,0,1,0
BRDA:2,0,2,1
BRDA:2,1,0,1
BRDA:2,1,1,0
BRDA:3,2,0,84
BRDA:3,2,1,0
BRDA:5,3,0,84
BRDA:5,3,1,0
BRDA:5,4,0,84
BRDA:5,4,1,84
BRDA:5,5,0,0
BRDA:5,5,1,84
BRDA:5,6,0,84
BRDA:5,6,1,0
BRDA:10,7,0,0
BRDA:10,7,1,0
BRDA:13,8,0,1
BRDA:13,8,1,0
BRDA:13,8,2,1
BRDA:13,9,0,1
BRDA:13,9,1,0
BRDA:18,10,0,1
BRDA:18,10,1,0
BRDA:18,10,2,1
BRDA:19,11,0,0
BRDA:19,11,1,1
BRDA:19,12,0,1
BRDA:19,12,1,1
BRDA:21,13,0,1
BRDA:21,13,1,0
BRDA:21,14,0,84
BRDA:21,14,1,0
BRDA:21,15,0,84
BRDA:21,15,1,84
BRDA:25,16,0,1
BRDA:25,16,1,0
BRDA:25,16,2,1
BRDA:26,17,0,0
BRDA:26,17,1,0
BRDA:27,18,0,0
BRDA:27,18,1,0
BRDA:30,19,0,0
BRDA:30,19,1,0
BRDA:31,20,0,0
BRDA:31,20,1,0
BRDA:42,21,0,0
BRDA:42,21,1,0
BRDA:55,22,0,0
BRDA:55,22,1,0
BRDA:55,23,0,0
BRDA:55,23,1,0
BRDA:55,24,0,0
BRDA:55,24,1,0
BRDA:58,25,0,0
BRDA:58,25,1,0
BRDA:58,26,0,0
BRDA:58,26,1,0
BRF:58
BRH:23
end_of_record
TN:
SF:dist/dtos/auth/request/register.dto.js
FN:2,(anonymous_0)
FNF:1
FNH:1
FNDA:5,(anonymous_0)
DA:2,1
DA:3,5
DA:4,5
DA:5,10
DA:6,5
DA:8,1
DA:9,1
DA:10,1
DA:11,1
DA:12,1
DA:13,1
DA:15,1
DA:19,1
DA:23,1
DA:27,1
DA:32,1
DA:35,1
LF:17
LH:17
BRDA:2,0,0,1
BRDA:2,0,1,0
BRDA:2,0,2,1
BRDA:3,1,0,1
BRDA:3,1,1,4
BRDA:3,2,0,0
BRDA:3,2,1,4
BRDA:4,3,0,0
BRDA:4,3,1,5
BRDA:4,4,0,5
BRDA:4,4,1,5
BRDA:5,5,0,10
BRDA:5,5,1,0
BRDA:5,6,0,10
BRDA:5,6,1,10
BRDA:5,7,0,1
BRDA:5,7,1,9
BRDA:5,8,0,9
BRDA:5,8,1,0
BRDA:6,9,0,5
BRDA:6,9,1,4
BRDA:6,9,2,0
BRF:22
BRH:16
end_of_record
TN:
SF:dist/dtos/auth/request/signIn.dto.js
FN:2,(anonymous_0)
FNF:1
FNH:1
FNDA:3,(anonymous_0)
DA:2,1
DA:3,3
DA:4,3
DA:5,6
DA:6,3
DA:8,1
DA:9,1
DA:10,1
DA:11,1
DA:12,1
DA:13,1
DA:15,1
DA:19,1
DA:24,1
DA:27,1
LF:15
LH:15
BRDA:2,0,0,1
BRDA:2,0,1,0
BRDA:2,0,2,1
BRDA:3,1,0,1
BRDA:3,1,1,2
BRDA:3,2,0,0
BRDA:3,2,1,2
BRDA:4,3,0,0
BRDA:4,3,1,3
BRDA:4,4,0,3
BRDA:4,4,1,3
BRDA:5,5,0,6
BRDA:5,5,1,0
BRDA:5,6,0,6
BRDA:5,6,1,6
BRDA:5,7,0,1
BRDA:5,7,1,5
BRDA:5,8,0,5
BRDA:5,8,1,0
BRDA:6,9,0,3
BRDA:6,9,1,2
BRDA:6,9,2,0
BRF:22
BRH:16
end_of_record
TN:
SF:dist/events/index.js
FN:7,initEvents
FNF:1
FNH:0
FNDA:0,initEvents
DA:2,1
DA:3,1
DA:4,1
DA:5,1
DA:6,1
DA:8,0
DA:10,1
LF:7
LH:6
BRF:0
BRH:0
end_of_record
TN:
SF:dist/events/mail.event.js
FN:2,(anonymous_0)
FN:3,adopt
FN:3,(anonymous_2)
FN:4,(anonymous_3)
FN:5,fulfilled
FN:6,rejected
FN:7,step
FN:17,confirmUserEmailEvent
FN:18,(anonymous_8)
FNF:9
FNH:0
FNDA:0,(anonymous_0)
FNDA:0,adopt
FNDA:0,(anonymous_2)
FNDA:0,(anonymous_3)
FNDA:0,fulfilled
FNDA:0,rejected
FNDA:0,step
FNDA:0,confirmUserEmailEvent
FNDA:0,(anonymous_8)
DA:2,1
DA:3,0
DA:4,0
DA:5,0
DA:6,0
DA:7,0
DA:8,0
DA:11,1
DA:12,1
DA:13,1
DA:14,1
DA:15,1
DA:16,1
DA:18,0
DA:19,0
DA:20,0
DA:21,0
DA:22,0
DA:23,0
DA:31,0
DA:35,0
DA:39,1
LF:22
LH:8
BRDA:2,0,0,1
BRDA:2,0,1,0
BRDA:2,0,2,1
BRDA:3,1,0,0
BRDA:3,1,1,0
BRDA:4,2,0,0
BRDA:4,2,1,0
BRDA:7,3,0,0
BRDA:7,3,1,0
BRDA:8,4,0,0
BRDA:8,4,1,0
BRF:11
BRH:2
end_of_record
TN:
SF:dist/services/auth.service.js
FN:2,(anonymous_0)
FN:3,adopt
FN:3,(anonymous_2)
FN:4,(anonymous_3)
FN:5,fulfilled
FN:6,rejected
FN:7,step
FN:11,(anonymous_7)
FN:32,(anonymous_8)
FN:34,(anonymous_9)
FN:53,(anonymous_10)
FN:54,(anonymous_11)
FN:71,(anonymous_12)
FN:72,(anonymous_13)
FNF:14
FNH:13
FNDA:10,(anonymous_0)
FNDA:14,adopt
FNDA:10,(anonymous_2)
FNDA:10,(anonymous_3)
FNDA:14,fulfilled
FNDA:0,rejected
FNDA:19,step
FNDA:3,(anonymous_7)
FNDA:3,(anonymous_8)
FNDA:3,(anonymous_9)
FNDA:4,(anonymous_10)
FNDA:4,(anonymous_11)
FNDA:3,(anonymous_12)
FNDA:3,(anonymous_13)
DA:2,1
DA:3,14
DA:4,10
DA:5,14
DA:6,0
DA:7,19
DA:8,10
DA:11,1
DA:12,3
DA:13,12
DA:14,9
DA:15,3
DA:16,3
DA:17,0
DA:18,0
DA:20,3
DA:22,1
DA:23,1
DA:24,1
DA:25,1
DA:26,1
DA:27,1
DA:28,1
DA:29,1
DA:30,1
DA:33,3
DA:34,3
DA:35,3
DA:39,3
DA:40,1
DA:42,2
DA:45,2
DA:46,2
DA:50,2
DA:54,4
DA:55,4
DA:60,4
DA:61,1
DA:63,3
DA:64,3
DA:65,1
DA:67,2
DA:68,2
DA:72,3
DA:73,3
DA:74,1
DA:76,2
DA:77,2
DA:78,1
DA:85,1
DA:90,1
LF:51
LH:48
BRDA:2,0,0,1
BRDA:2,0,1,0
BRDA:2,0,2,1
BRDA:3,1,0,4
BRDA:3,1,1,10
BRDA:4,2,0,10
BRDA:4,2,1,10
BRDA:7,3,0,5
BRDA:7,3,1,14
BRDA:8,4,0,10
BRDA:8,4,1,10
BRDA:11,5,0,1
BRDA:11,5,1,0
BRDA:11,5,2,1
BRDA:13,6,0,9
BRDA:13,6,1,3
BRDA:13,7,0,12
BRDA:13,7,1,12
BRDA:15,8,0,3
BRDA:15,8,1,0
BRDA:15,9,0,3
BRDA:15,9,1,3
BRDA:17,10,0,0
BRDA:17,10,1,0
BRDA:17,11,0,0
BRDA:17,11,1,0
BRDA:39,12,0,1
BRDA:39,12,1,2
BRDA:60,13,0,1
BRDA:60,13,1,3
BRDA:64,14,0,1
BRDA:64,14,1,2
BRDA:73,15,0,1
BRDA:73,15,1,2
BRF:34
BRH:27
end_of_record
TN:
SF:dist/services/sendgrid.service.js
FN:2,(anonymous_0)
FN:3,adopt
FN:3,(anonymous_2)
FN:4,(anonymous_3)
FN:5,fulfilled
FN:6,rejected
FN:7,step
FN:11,(anonymous_7)
FN:19,(anonymous_8)
FN:20,(anonymous_9)
FNF:10
FNH:1
FNDA:0,(anonymous_0)
FNDA:0,adopt
FNDA:0,(anonymous_2)
FNDA:0,(anonymous_3)
FNDA:0,fulfilled
FNDA:0,rejected
FNDA:0,step
FNDA:1,(anonymous_7)
FNDA:0,(anonymous_8)
FNDA:0,(anonymous_9)
DA:2,1
DA:3,0
DA:4,0
DA:5,0
DA:6,0
DA:7,0
DA:8,0
DA:11,1
DA:12,1
DA:14,1
DA:15,1
DA:16,1
DA:17,1
DA:20,0
DA:21,0
DA:25,1
LF:16
LH:8
BRDA:2,0,0,1
BRDA:2,0,1,0
BRDA:2,0,2,1
BRDA:3,1,0,0
BRDA:3,1,1,0
BRDA:4,2,0,0
BRDA:4,2,1,0
BRDA:7,3,0,0
BRDA:7,3,1,0
BRDA:8,4,0,0
BRDA:8,4,1,0
BRDA:11,5,0,1
BRDA:11,5,1,0
BRDA:11,5,2,1
BRDA:12,6,0,0
BRDA:12,6,1,1
BRDA:12,7,0,1
BRDA:12,7,1,1
BRF:18
BRH:7
end_of_record
TN:
SF:dist/services/token.service.js
FN:2,(anonymous_0)
FN:6,(anonymous_1)
FN:9,(anonymous_2)
FN:13,(anonymous_3)
FN:15,(anonymous_4)
FN:18,(anonymous_5)
FN:25,(anonymous_6)
FN:26,adopt
FN:26,(anonymous_8)
FN:27,(anonymous_9)
FN:28,fulfilled
FN:29,rejected
FN:30,step
FN:42,(anonymous_13)
FN:43,(anonymous_14)
FN:51,(anonymous_15)
FN:52,(anonymous_16)
FNF:17
FNH:15
FNDA:84,(anonymous_0)
FNDA:1,(anonymous_1)
FNDA:0,(anonymous_2)
FNDA:1,(anonymous_3)
FNDA:0,(anonymous_4)
FNDA:1,(anonymous_5)
FNDA:15,(anonymous_6)
FNDA:15,adopt
FNDA:9,(anonymous_8)
FNDA:15,(anonymous_9)
FNDA:12,fulfilled
FNDA:3,rejected
FNDA:27,step
FNDA:6,(anonymous_13)
FNDA:6,(anonymous_14)
FNDA:9,(anonymous_15)
FNDA:9,(anonymous_16)
DA:2,1
DA:3,84
DA:4,84
DA:5,84
DA:6,84
DA:8,84
DA:10,0
DA:11,0
DA:13,1
DA:14,1
DA:16,0
DA:18,1
DA:19,1
DA:20,1
DA:21,84
DA:22,1
DA:23,1
DA:25,1
DA:26,15
DA:27,15
DA:28,12
DA:29,3
DA:30,27
DA:31,15
DA:34,1
DA:35,1
DA:36,1
DA:37,1
DA:38,1
DA:39,1
DA:40,1
DA:43,6
DA:44,6
DA:45,6
DA:46,6
DA:47,6
DA:48,6
DA:52,9
DA:53,9
DA:54,9
DA:60,6
DA:63,3
DA:64,3
DA:66,1
DA:68,2
DA:69,1
DA:71,1
DA:74,0
DA:77,0
DA:82,1
LF:50
LH:45
BRDA:2,0,0,1
BRDA:2,0,1,0
BRDA:2,0,2,1
BRDA:2,1,0,1
BRDA:2,1,1,0
BRDA:3,2,0,84
BRDA:3,2,1,0
BRDA:5,3,0,84
BRDA:5,3,1,0
BRDA:5,4,0,84
BRDA:5,4,1,84
BRDA:5,5,0,0
BRDA:5,5,1,84
BRDA:5,6,0,84
BRDA:5,6,1,0
BRDA:10,7,0,0
BRDA:10,7,1,0
BRDA:13,8,0,1
BRDA:13,8,1,0
BRDA:13,8,2,1
BRDA:13,9,0,1
BRDA:13,9,1,0
BRDA:18,10,0,1
BRDA:18,10,1,0
BRDA:18,10,2,1
BRDA:19,11,0,0
BRDA:19,11,1,1
BRDA:19,12,0,1
BRDA:19,12,1,1
BRDA:21,13,0,1
BRDA:21,13,1,0
BRDA:21,14,0,84
BRDA:21,14,1,0
BRDA:21,15,0,84
BRDA:21,15,1,84
BRDA:25,16,0,1
BRDA:25,16,1,0
BRDA:25,16,2,1
BRDA:26,17,0,6
BRDA:26,17,1,9
BRDA:27,18,0,15
BRDA:27,18,1,15
BRDA:30,19,0,12
BRDA:30,19,1,15
BRDA:31,20,0,15
BRDA:31,20,1,15
BRDA:42,21,0,4
BRDA:42,22,0,5
BRDA:42,23,0,6
BRDA:63,24,0,3
BRDA:63,24,1,0
BRDA:64,25,0,1
BRDA:64,25,1,2
BRDA:64,25,2,0
BRDA:68,26,0,1
BRDA:68,26,1,1
BRF:56
BRH:39
end_of_record
TN:
SF:dist/utils/enums.js
FN:5,(anonymous_0)
FN:12,(anonymous_1)
FN:17,(anonymous_2)
FNF:3
FNH:3
FNDA:1,(anonymous_0)
FNDA:1,(anonymous_1)
FNDA:1,(anonymous_2)
DA:2,1
DA:3,1
DA:5,1
DA:6,1
DA:7,1
DA:8,1
DA:9,1
DA:12,1
DA:13,1
DA:14,1
DA:17,1
DA:18,1
DA:19,1
LF:13
LH:13
BRDA:10,0,0,1
BRDA:10,0,1,1
BRDA:15,1,0,1
BRDA:15,1,1,1
BRDA:20,2,0,1
BRDA:20,2,1,1
BRF:6
BRH:6
end_of_record
TN:
SF:dist/utils/factories/abstract.factory.js
FNF:0
FNH:0
DA:2,1
DA:3,1
DA:6,1
LF:3
LH:3
BRF:0
BRH:0
end_of_record
TN:
SF:dist/utils/factories/token.factory.js
FN:2,(anonymous_0)
FN:3,adopt
FN:3,(anonymous_2)
FN:4,(anonymous_3)
FN:5,fulfilled
FN:6,rejected
FN:7,step
FN:16,(anonymous_7)
FN:17,(anonymous_8)
FN:23,(anonymous_9)
FN:24,(anonymous_10)
FN:25,(anonymous_11)
FNF:12
FNH:5
FNDA:1,(anonymous_0)
FNDA:0,adopt
FNDA:0,(anonymous_2)
FNDA:1,(anonymous_3)
FNDA:0,fulfilled
FNDA:0,rejected
FNDA:1,step
FNDA:1,(anonymous_7)
FNDA:1,(anonymous_8)
FNDA:0,(anonymous_9)
FNDA:0,(anonymous_10)
FNDA:0,(anonymous_11)
DA:2,1
DA:3,0
DA:4,1
DA:5,0
DA:6,0
DA:7,1
DA:8,1
DA:11,1
DA:12,1
DA:13,1
DA:14,1
DA:17,1
DA:18,1
DA:24,0
DA:25,0
DA:29,1
LF:16
LH:11
BRDA:2,0,0,1
BRDA:2,0,1,0
BRDA:2,0,2,1
BRDA:3,1,0,0
BRDA:3,1,1,0
BRDA:4,2,0,1
BRDA:4,2,1,1
BRDA:7,3,0,1
BRDA:7,3,1,0
BRDA:8,4,0,1
BRDA:8,4,1,1
BRF:11
BRH:7
end_of_record
TN:
SF:dist/utils/factories/user.factory.js
FN:2,(anonymous_0)
FN:3,adopt
FN:3,(anonymous_2)
FN:4,(anonymous_3)
FN:5,fulfilled
FN:6,rejected
FN:7,step
FN:18,(anonymous_7)
FN:20,(anonymous_8)
FN:31,(anonymous_9)
FN:32,(anonymous_10)
FN:33,(anonymous_11)
FNF:12
FNH:5
FNDA:7,(anonymous_0)
FNDA:0,adopt
FNDA:0,(anonymous_2)
FNDA:7,(anonymous_3)
FNDA:0,fulfilled
FNDA:0,rejected
FNDA:7,step
FNDA:7,(anonymous_7)
FNDA:7,(anonymous_8)
FNDA:0,(anonymous_9)
FNDA:0,(anonymous_10)
FNDA:0,(anonymous_11)
DA:2,1
DA:3,0
DA:4,7
DA:5,0
DA:6,0
DA:7,7
DA:8,7
DA:11,1
DA:12,1
DA:13,1
DA:14,1
DA:15,1
DA:16,1
DA:20,7
DA:21,7
DA:32,0
DA:33,0
DA:37,1
LF:18
LH:13
BRDA:2,0,0,1
BRDA:2,0,1,0
BRDA:2,0,2,1
BRDA:3,1,0,0
BRDA:3,1,1,0
BRDA:4,2,0,7
BRDA:4,2,1,7
BRDA:7,3,0,7
BRDA:7,3,1,0
BRDA:8,4,0,7
BRDA:8,4,1,7
BRDA:18,5,0,5
BRDA:23,6,0,0
BRDA:23,6,1,7
BRDA:23,7,0,7
BRDA:23,7,1,7
BRDA:24,8,0,0
BRDA:24,8,1,7
BRDA:24,9,0,7
BRDA:24,9,1,7
BRDA:25,10,0,1
BRDA:25,10,1,6
BRDA:25,11,0,7
BRDA:25,11,1,7
BRDA:26,12,0,2
BRDA:26,12,1,5
BRDA:26,13,0,7
BRDA:26,13,1,7
BRF:28
BRH:22
end_of_record
